{"D:\\Alif\\portfolio-alif-andarta\\src\\App.tsx": {"path":"D:\\Alif\\portfolio-alif-andarta\\src\\App.tsx","statementMap":{"0":{"start":{"line":1,"column":0},"end":{"line":1,"column":39}},"1":{"start":{"line":2,"column":0},"end":{"line":2,"column":56}},"2":{"start":{"line":3,"column":0},"end":{"line":3,"column":60}},"3":{"start":{"line":4,"column":0},"end":{"line":4,"column":58}},"4":{"start":{"line":5,"column":0},"end":{"line":5,"column":37}},"5":{"start":{"line":6,"column":0},"end":{"line":6,"column":55}},"6":{"start":{"line":7,"column":0},"end":{"line":7,"column":69}},"7":{"start":{"line":9,"column":14},"end":{"line":9,"column":54}},"8":{"start":{"line":9,"column":24},"end":{"line":9,"column":53}},"9":{"start":{"line":10,"column":19},"end":{"line":10,"column":64}},"10":{"start":{"line":10,"column":29},"end":{"line":10,"column":63}},"11":{"start":{"line":11,"column":18},"end":{"line":11,"column":62}},"12":{"start":{"line":11,"column":28},"end":{"line":11,"column":61}},"13":{"start":{"line":12,"column":15},"end":{"line":12,"column":56}},"14":{"start":{"line":12,"column":25},"end":{"line":12,"column":55}},"15":{"start":{"line":13,"column":18},"end":{"line":13,"column":62}},"16":{"start":{"line":13,"column":28},"end":{"line":13,"column":61}},"17":{"start":{"line":14,"column":19},"end":{"line":14,"column":64}},"18":{"start":{"line":14,"column":29},"end":{"line":14,"column":63}},"19":{"start":{"line":15,"column":16},"end":{"line":15,"column":58}},"20":{"start":{"line":15,"column":26},"end":{"line":15,"column":57}},"21":{"start":{"line":16,"column":15},"end":{"line":16,"column":56}},"22":{"start":{"line":16,"column":25},"end":{"line":16,"column":55}},"23":{"start":{"line":18,"column":24},"end":{"line":21,"column":null}},"24":{"start":{"line":19,"column":2},"end":{"line":20,"column":null}},"25":{"start":{"line":25,"column":2},"end":{"line":51,"column":4}},"26":{"start":{"line":54,"column":0},"end":{"line":54,"column":19}}},"fnMap":{"0":{"name":"(anonymous_7)","decl":{"start":{"line":9,"column":19},"end":{"line":9,"column":22}},"loc":{"start":{"line":9,"column":24},"end":{"line":9,"column":53}}},"1":{"name":"(anonymous_8)","decl":{"start":{"line":9,"column":24},"end":{"line":9,"column":32}},"loc":{"start":{"line":9,"column":24},"end":{"line":9,"column":53}}},"2":{"name":"(anonymous_9)","decl":{"start":{"line":10,"column":24},"end":{"line":10,"column":27}},"loc":{"start":{"line":10,"column":29},"end":{"line":10,"column":63}}},"3":{"name":"(anonymous_10)","decl":{"start":{"line":10,"column":29},"end":{"line":10,"column":37}},"loc":{"start":{"line":10,"column":29},"end":{"line":10,"column":63}}},"4":{"name":"(anonymous_11)","decl":{"start":{"line":11,"column":23},"end":{"line":11,"column":26}},"loc":{"start":{"line":11,"column":28},"end":{"line":11,"column":61}}},"5":{"name":"(anonymous_12)","decl":{"start":{"line":11,"column":28},"end":{"line":11,"column":36}},"loc":{"start":{"line":11,"column":28},"end":{"line":11,"column":61}}},"6":{"name":"(anonymous_13)","decl":{"start":{"line":12,"column":20},"end":{"line":12,"column":23}},"loc":{"start":{"line":12,"column":25},"end":{"line":12,"column":55}}},"7":{"name":"(anonymous_14)","decl":{"start":{"line":12,"column":25},"end":{"line":12,"column":33}},"loc":{"start":{"line":12,"column":25},"end":{"line":12,"column":55}}},"8":{"name":"(anonymous_15)","decl":{"start":{"line":13,"column":23},"end":{"line":13,"column":26}},"loc":{"start":{"line":13,"column":28},"end":{"line":13,"column":61}}},"9":{"name":"(anonymous_16)","decl":{"start":{"line":13,"column":28},"end":{"line":13,"column":36}},"loc":{"start":{"line":13,"column":28},"end":{"line":13,"column":61}}},"10":{"name":"(anonymous_17)","decl":{"start":{"line":14,"column":24},"end":{"line":14,"column":27}},"loc":{"start":{"line":14,"column":29},"end":{"line":14,"column":63}}},"11":{"name":"(anonymous_18)","decl":{"start":{"line":14,"column":29},"end":{"line":14,"column":37}},"loc":{"start":{"line":14,"column":29},"end":{"line":14,"column":63}}},"12":{"name":"(anonymous_19)","decl":{"start":{"line":15,"column":21},"end":{"line":15,"column":24}},"loc":{"start":{"line":15,"column":26},"end":{"line":15,"column":57}}},"13":{"name":"(anonymous_20)","decl":{"start":{"line":15,"column":26},"end":{"line":15,"column":34}},"loc":{"start":{"line":15,"column":26},"end":{"line":15,"column":57}}},"14":{"name":"(anonymous_21)","decl":{"start":{"line":16,"column":20},"end":{"line":16,"column":23}},"loc":{"start":{"line":16,"column":25},"end":{"line":16,"column":55}}},"15":{"name":"(anonymous_22)","decl":{"start":{"line":16,"column":25},"end":{"line":16,"column":33}},"loc":{"start":{"line":16,"column":25},"end":{"line":16,"column":55}}},"16":{"name":"(anonymous_23)","decl":{"start":{"line":18,"column":24},"end":{"line":18,"column":27}},"loc":{"start":{"line":19,"column":2},"end":{"line":20,"column":null}}},"17":{"name":"App","decl":{"start":{"line":24,"column":9},"end":{"line":24,"column":12}},"loc":{"start":{"line":24,"column":12},"end":{"line":52,"column":1}}}},"branchMap":{},"s":{"0":0,"1":0,"2":0,"3":0,"4":0,"5":0,"6":0,"7":0,"8":0,"9":0,"10":0,"11":0,"12":0,"13":0,"14":0,"15":0,"16":0,"17":0,"18":0,"19":0,"20":0,"21":0,"22":0,"23":0,"24":0,"25":0,"26":0},"f":{"0":0,"1":0,"2":0,"3":0,"4":0,"5":0,"6":0,"7":0,"8":0,"9":0,"10":0,"11":0,"12":0,"13":0,"14":0,"15":0,"16":0,"17":0},"b":{}}
,"D:\\Alif\\portfolio-alif-andarta\\src\\components\\About.tsx": {"path":"D:\\Alif\\portfolio-alif-andarta\\src\\components\\About.tsx","statementMap":{"0":{"start":{"line":2,"column":0},"end":{"line":2,"column":39}},"1":{"start":{"line":3,"column":0},"end":{"line":3,"column":62}},"2":{"start":{"line":4,"column":0},"end":{"line":4,"column":49}},"3":{"start":{"line":5,"column":0},"end":{"line":5,"column":58}},"4":{"start":{"line":7,"column":24},"end":{"line":169,"column":1}},"5":{"start":{"line":8,"column":17},"end":{"line":33,"column":4}},"6":{"start":{"line":35,"column":2},"end":{"line":168,"column":4}},"7":{"start":{"line":137,"column":16},"end":{"line":138,"column":null}},"8":{"start":{"line":150,"column":12},"end":{"line":151,"column":null}},"9":{"start":{"line":171,"column":0},"end":{"line":171,"column":21}}},"fnMap":{"0":{"name":"(anonymous_1)","decl":{"start":{"line":7,"column":24},"end":{"line":7,"column":27}},"loc":{"start":{"line":7,"column":29},"end":{"line":169,"column":1}}},"1":{"name":"(anonymous_2)","decl":{"start":{"line":136,"column":20},"end":{"line":136,"column":21}},"loc":{"start":{"line":137,"column":16},"end":{"line":138,"column":null}}},"2":{"name":"(anonymous_3)","decl":{"start":{"line":149,"column":22},"end":{"line":149,"column":23}},"loc":{"start":{"line":150,"column":12},"end":{"line":151,"column":null}}}},"branchMap":{},"s":{"0":0,"1":0,"2":0,"3":0,"4":0,"5":0,"6":0,"7":0,"8":0,"9":0},"f":{"0":0,"1":0,"2":0},"b":{}}
,"D:\\Alif\\portfolio-alif-andarta\\src\\components\\Activities.tsx": {"path":"D:\\Alif\\portfolio-alif-andarta\\src\\components\\Activities.tsx","statementMap":{"0":{"start":{"line":1,"column":0},"end":{"line":1,"column":51}},"1":{"start":{"line":2,"column":0},"end":{"line":2,"column":39}},"2":{"start":{"line":3,"column":0},"end":{"line":3,"column":null}},"3":{"start":{"line":11,"column":0},"end":{"line":11,"column":51}},"4":{"start":{"line":14,"column":0},"end":{"line":14,"column":51}},"5":{"start":{"line":17,"column":0},"end":{"line":17,"column":20}},"6":{"start":{"line":19,"column":29},"end":{"line":331,"column":1}},"7":{"start":{"line":20,"column":38},"end":{"line":20,"column":62}},"8":{"start":{"line":21,"column":32},"end":{"line":21,"column":46}},"9":{"start":{"line":23,"column":2},"end":{"line":93,"column":9}},"10":{"start":{"line":24,"column":28},"end":{"line":90,"column":6}},"11":{"start":{"line":24,"column":39},"end":{"line":90,"column":6}},"12":{"start":{"line":25,"column":6},"end":{"line":89,"column":7}},"13":{"start":{"line":26,"column":21},"end":{"line":26,"column":59}},"14":{"start":{"line":27,"column":8},"end":{"line":27,"column":28}},"15":{"start":{"line":29,"column":8},"end":{"line":29,"column":59}},"16":{"start":{"line":31,"column":8},"end":{"line":86,"column":11}},"17":{"start":{"line":88,"column":8},"end":{"line":88,"column":26}},"18":{"start":{"line":92,"column":4},"end":{"line":92,"column":22}},"19":{"start":{"line":95,"column":26},"end":{"line":108,"column":3}},"20":{"start":{"line":96,"column":4},"end":{"line":107,"column":5}},"21":{"start":{"line":98,"column":8},"end":{"line":98,"column":46}},"22":{"start":{"line":100,"column":8},"end":{"line":100,"column":52}},"23":{"start":{"line":102,"column":8},"end":{"line":102,"column":45}},"24":{"start":{"line":104,"column":8},"end":{"line":104,"column":44}},"25":{"start":{"line":106,"column":8},"end":{"line":106,"column":45}},"26":{"start":{"line":110,"column":27},"end":{"line":123,"column":3}},"27":{"start":{"line":111,"column":4},"end":{"line":122,"column":5}},"28":{"start":{"line":113,"column":8},"end":{"line":113,"column":47}},"29":{"start":{"line":115,"column":8},"end":{"line":115,"column":45}},"30":{"start":{"line":117,"column":8},"end":{"line":117,"column":43}},"31":{"start":{"line":119,"column":8},"end":{"line":119,"column":44}},"32":{"start":{"line":121,"column":8},"end":{"line":121,"column":47}},"33":{"start":{"line":125,"column":21},"end":{"line":131,"column":3}},"34":{"start":{"line":126,"column":17},"end":{"line":126,"column":37}},"35":{"start":{"line":127,"column":4},"end":{"line":130,"column":7}},"36":{"start":{"line":133,"column":2},"end":{"line":143,"column":3}},"37":{"start":{"line":134,"column":4},"end":{"line":142,"column":6}},"38":{"start":{"line":145,"column":2},"end":{"line":330,"column":4}},"39":{"start":{"line":234,"column":14},"end":{"line":235,"column":null}},"40":{"start":{"line":320,"column":30},"end":{"line":320,"column":64}},"41":{"start":{"line":321,"column":14},"end":{"line":321,"column":74}},"42":{"start":{"line":321,"column":27},"end":{"line":321,"column":74}},"43":{"start":{"line":333,"column":0},"end":{"line":333,"column":26}}},"fnMap":{"0":{"name":"(anonymous_7)","decl":{"start":{"line":19,"column":29},"end":{"line":19,"column":32}},"loc":{"start":{"line":19,"column":34},"end":{"line":331,"column":1}}},"1":{"name":"(anonymous_8)","decl":{"start":{"line":23,"column":12},"end":{"line":23,"column":15}},"loc":{"start":{"line":23,"column":17},"end":{"line":93,"column":3}}},"2":{"name":"(anonymous_9)","decl":{"start":{"line":24,"column":28},"end":{"line":24,"column":37}},"loc":{"start":{"line":24,"column":39},"end":{"line":90,"column":6}}},"3":{"name":"(anonymous_10)","decl":{"start":{"line":24,"column":39},"end":{"line":24,"column":null}},"loc":{"start":{"line":24,"column":39},"end":{"line":90,"column":5}}},"4":{"name":"(anonymous_11)","decl":{"start":{"line":95,"column":26},"end":{"line":95,"column":27}},"loc":{"start":{"line":95,"column":43},"end":{"line":108,"column":3}}},"5":{"name":"(anonymous_12)","decl":{"start":{"line":110,"column":27},"end":{"line":110,"column":28}},"loc":{"start":{"line":110,"column":44},"end":{"line":123,"column":3}}},"6":{"name":"(anonymous_13)","decl":{"start":{"line":125,"column":21},"end":{"line":125,"column":22}},"loc":{"start":{"line":125,"column":44},"end":{"line":131,"column":3}}},"7":{"name":"(anonymous_14)","decl":{"start":{"line":233,"column":28},"end":{"line":233,"column":29}},"loc":{"start":{"line":234,"column":14},"end":{"line":235,"column":null}}},"8":{"name":"(anonymous_15)","decl":{"start":{"line":319,"column":21},"end":{"line":319,"column":24}},"loc":{"start":{"line":319,"column":26},"end":{"line":322,"column":13}}}},"branchMap":{"0":{"loc":{"start":{"line":96,"column":4},"end":{"line":107,"column":5}},"type":"switch","locations":[{"start":{"line":97,"column":6},"end":{"line":98,"column":46}},{"start":{"line":99,"column":6},"end":{"line":100,"column":52}},{"start":{"line":101,"column":6},"end":{"line":102,"column":45}},{"start":{"line":103,"column":6},"end":{"line":104,"column":44}},{"start":{"line":105,"column":6},"end":{"line":106,"column":45}}]},"1":{"loc":{"start":{"line":111,"column":4},"end":{"line":122,"column":5}},"type":"switch","locations":[{"start":{"line":112,"column":6},"end":{"line":113,"column":47}},{"start":{"line":114,"column":6},"end":{"line":115,"column":45}},{"start":{"line":116,"column":6},"end":{"line":117,"column":43}},{"start":{"line":118,"column":6},"end":{"line":119,"column":44}},{"start":{"line":120,"column":6},"end":{"line":121,"column":47}}]},"2":{"loc":{"start":{"line":133,"column":2},"end":{"line":143,"column":3}},"type":"if","locations":[{"start":{"line":133,"column":2},"end":{"line":143,"column":3}},{"start":{},"end":{}}]},"3":{"loc":{"start":{"line":223,"column":9},"end":{"line":269,"column":null}},"type":"cond-expr","locations":[{"start":{"line":224,"column":10},"end":{"line":229,"column":null}},{"start":{"line":232,"column":10},"end":{"line":268,"column":null}}]},"4":{"loc":{"start":{"line":321,"column":14},"end":{"line":321,"column":74}},"type":"if","locations":[{"start":{"line":321,"column":14},"end":{"line":321,"column":74}},{"start":{},"end":{}}]}},"s":{"0":0,"1":0,"2":0,"3":0,"4":0,"5":0,"6":0,"7":0,"8":0,"9":0,"10":0,"11":0,"12":0,"13":0,"14":0,"15":0,"16":0,"17":0,"18":0,"19":0,"20":0,"21":0,"22":0,"23":0,"24":0,"25":0,"26":0,"27":0,"28":0,"29":0,"30":0,"31":0,"32":0,"33":0,"34":0,"35":0,"36":0,"37":0,"38":0,"39":0,"40":0,"41":0,"42":0,"43":0},"f":{"0":0,"1":0,"2":0,"3":0,"4":0,"5":0,"6":0,"7":0,"8":0},"b":{"0":[0,0,0,0,0],"1":[0,0,0,0,0],"2":[0,0],"3":[0,0],"4":[0,0]}}
,"D:\\Alif\\portfolio-alif-andarta\\src\\components\\Contact.tsx": {"path":"D:\\Alif\\portfolio-alif-andarta\\src\\components\\Contact.tsx","statementMap":{"0":{"start":{"line":1,"column":0},"end":{"line":1,"column":40}},"1":{"start":{"line":2,"column":0},"end":{"line":2,"column":39}},"2":{"start":{"line":3,"column":0},"end":{"line":3,"column":42}},"3":{"start":{"line":4,"column":0},"end":{"line":4,"column":null}},"4":{"start":{"line":17,"column":0},"end":{"line":17,"column":51}},"5":{"start":{"line":18,"column":0},"end":{"line":18,"column":52}},"6":{"start":{"line":27,"column":26},"end":{"line":352,"column":1}},"7":{"start":{"line":28,"column":38},"end":{"line":28,"column":50}},"8":{"start":{"line":29,"column":42},"end":{"line":29,"column":57}},"9":{"start":{"line":30,"column":42},"end":{"line":32,"column":11}},"10":{"start":{"line":39,"column":6},"end":{"line":39,"column":28}},"11":{"start":{"line":41,"column":19},"end":{"line":55,"column":4}},"12":{"start":{"line":41,"column":47},"end":{"line":55,"column":4}},"13":{"start":{"line":42,"column":4},"end":{"line":42,"column":26}},"14":{"start":{"line":43,"column":4},"end":{"line":43,"column":28}},"15":{"start":{"line":45,"column":4},"end":{"line":54,"column":5}},"16":{"start":{"line":46,"column":6},"end":{"line":46,"column":49}},"17":{"start":{"line":47,"column":6},"end":{"line":47,"column":33}},"18":{"start":{"line":48,"column":6},"end":{"line":48,"column":14}},"19":{"start":{"line":50,"column":6},"end":{"line":50,"column":61}},"20":{"start":{"line":51,"column":6},"end":{"line":51,"column":31}},"21":{"start":{"line":53,"column":6},"end":{"line":53,"column":29}},"22":{"start":{"line":57,"column":22},"end":{"line":76,"column":4}},"23":{"start":{"line":78,"column":22},"end":{"line":109,"column":4}},"24":{"start":{"line":111,"column":2},"end":{"line":113,"column":3}},"25":{"start":{"line":112,"column":4},"end":{"line":112,"column":63}},"26":{"start":{"line":114,"column":2},"end":{"line":120,"column":3}},"27":{"start":{"line":115,"column":4},"end":{"line":119,"column":6}},"28":{"start":{"line":122,"column":2},"end":{"line":351,"column":4}},"29":{"start":{"line":159,"column":16},"end":{"line":160,"column":null}},"30":{"start":{"line":192,"column":18},"end":{"line":193,"column":null}},"31":{"start":{"line":354,"column":0},"end":{"line":354,"column":23}}},"fnMap":{"0":{"name":"(anonymous_7)","decl":{"start":{"line":27,"column":26},"end":{"line":27,"column":29}},"loc":{"start":{"line":27,"column":31},"end":{"line":352,"column":1}}},"1":{"name":"(anonymous_8)","decl":{"start":{"line":41,"column":19},"end":{"line":41,"column":26}},"loc":{"start":{"line":41,"column":47},"end":{"line":55,"column":4}}},"2":{"name":"(anonymous_9)","decl":{"start":{"line":41,"column":47},"end":{"line":41,"column":null}},"loc":{"start":{"line":41,"column":47},"end":{"line":55,"column":3}}},"3":{"name":"(anonymous_10)","decl":{"start":{"line":158,"column":31},"end":{"line":158,"column":32}},"loc":{"start":{"line":159,"column":16},"end":{"line":160,"column":null}}},"4":{"name":"(anonymous_11)","decl":{"start":{"line":191,"column":33},"end":{"line":191,"column":34}},"loc":{"start":{"line":192,"column":18},"end":{"line":193,"column":null}}}},"branchMap":{"0":{"loc":{"start":{"line":61,"column":16},"end":{"line":61,"column":30}},"type":"cond-expr","locations":[{"start":{"line":61,"column":23},"end":{"line":61,"column":25}},{"start":{"line":61,"column":16},"end":{"line":61,"column":30}}]},"1":{"loc":{"start":{"line":61,"column":16},"end":{"line":61,"column":25}},"type":"binary-expr","locations":[{"start":{"line":61,"column":16},"end":{"line":61,"column":25}},{"start":{"line":61,"column":16},"end":{"line":61,"column":25}}]},"2":{"loc":{"start":{"line":62,"column":22},"end":{"line":62,"column":36}},"type":"cond-expr","locations":[{"start":{"line":62,"column":29},"end":{"line":62,"column":31}},{"start":{"line":62,"column":22},"end":{"line":62,"column":36}}]},"3":{"loc":{"start":{"line":62,"column":22},"end":{"line":62,"column":31}},"type":"binary-expr","locations":[{"start":{"line":62,"column":22},"end":{"line":62,"column":31}},{"start":{"line":62,"column":22},"end":{"line":62,"column":31}}]},"4":{"loc":{"start":{"line":68,"column":15},"end":{"line":68,"column":39}},"type":"cond-expr","locations":[{"start":{"line":68,"column":22},"end":{"line":68,"column":24}},{"start":{"line":68,"column":15},"end":{"line":68,"column":39}}]},"5":{"loc":{"start":{"line":68,"column":15},"end":{"line":68,"column":24}},"type":"binary-expr","locations":[{"start":{"line":68,"column":15},"end":{"line":68,"column":24}},{"start":{"line":68,"column":15},"end":{"line":68,"column":24}}]},"6":{"loc":{"start":{"line":74,"column":15},"end":{"line":74,"column":37}},"type":"cond-expr","locations":[{"start":{"line":74,"column":22},"end":{"line":74,"column":24}},{"start":{"line":74,"column":15},"end":{"line":74,"column":37}}]},"7":{"loc":{"start":{"line":74,"column":15},"end":{"line":74,"column":24}},"type":"binary-expr","locations":[{"start":{"line":74,"column":15},"end":{"line":74,"column":24}},{"start":{"line":74,"column":15},"end":{"line":74,"column":24}}]},"8":{"loc":{"start":{"line":82,"column":15},"end":{"line":82,"column":38}},"type":"cond-expr","locations":[{"start":{"line":82,"column":22},"end":{"line":82,"column":24}},{"start":{"line":82,"column":15},"end":{"line":82,"column":38}}]},"9":{"loc":{"start":{"line":82,"column":15},"end":{"line":82,"column":24}},"type":"binary-expr","locations":[{"start":{"line":82,"column":15},"end":{"line":82,"column":24}},{"start":{"line":82,"column":15},"end":{"line":82,"column":24}}]},"10":{"loc":{"start":{"line":88,"column":15},"end":{"line":88,"column":40}},"type":"cond-expr","locations":[{"start":{"line":88,"column":22},"end":{"line":88,"column":24}},{"start":{"line":88,"column":15},"end":{"line":88,"column":40}}]},"11":{"loc":{"start":{"line":88,"column":15},"end":{"line":88,"column":24}},"type":"binary-expr","locations":[{"start":{"line":88,"column":15},"end":{"line":88,"column":24}},{"start":{"line":88,"column":15},"end":{"line":88,"column":24}}]},"12":{"loc":{"start":{"line":94,"column":15},"end":{"line":94,"column":33}},"type":"cond-expr","locations":[{"start":{"line":94,"column":22},"end":{"line":94,"column":24}},{"start":{"line":94,"column":15},"end":{"line":94,"column":33}}]},"13":{"loc":{"start":{"line":94,"column":15},"end":{"line":94,"column":24}},"type":"binary-expr","locations":[{"start":{"line":94,"column":15},"end":{"line":94,"column":24}},{"start":{"line":94,"column":15},"end":{"line":94,"column":24}}]},"14":{"loc":{"start":{"line":100,"column":15},"end":{"line":100,"column":40}},"type":"cond-expr","locations":[{"start":{"line":100,"column":22},"end":{"line":100,"column":24}},{"start":{"line":100,"column":15},"end":{"line":100,"column":40}}]},"15":{"loc":{"start":{"line":100,"column":15},"end":{"line":100,"column":24}},"type":"binary-expr","locations":[{"start":{"line":100,"column":15},"end":{"line":100,"column":24}},{"start":{"line":100,"column":15},"end":{"line":100,"column":24}}]},"16":{"loc":{"start":{"line":106,"column":15},"end":{"line":106,"column":41}},"type":"cond-expr","locations":[{"start":{"line":106,"column":22},"end":{"line":106,"column":24}},{"start":{"line":106,"column":15},"end":{"line":106,"column":41}}]},"17":{"loc":{"start":{"line":106,"column":15},"end":{"line":106,"column":24}},"type":"binary-expr","locations":[{"start":{"line":106,"column":15},"end":{"line":106,"column":24}},{"start":{"line":106,"column":15},"end":{"line":106,"column":24}}]},"18":{"loc":{"start":{"line":111,"column":2},"end":{"line":113,"column":3}},"type":"if","locations":[{"start":{"line":111,"column":2},"end":{"line":113,"column":3}},{"start":{},"end":{}}]},"19":{"loc":{"start":{"line":114,"column":2},"end":{"line":120,"column":3}},"type":"if","locations":[{"start":{"line":114,"column":2},"end":{"line":120,"column":3}},{"start":{},"end":{}}]},"20":{"loc":{"start":{"line":162,"column":26},"end":{"line":162,"column":77}},"type":"cond-expr","locations":[{"start":{"line":162,"column":57},"end":{"line":162,"column":65}},{"start":{"line":162,"column":68},"end":{"line":162,"column":77}}]},"21":{"loc":{"start":{"line":164,"column":20},"end":{"line":166,"column":33}},"type":"cond-expr","locations":[{"start":{"line":165,"column":24},"end":{"line":165,"column":45}},{"start":{"line":166,"column":24},"end":{"line":166,"column":33}}]},"22":{"loc":{"start":{"line":229,"column":17},"end":{"line":232,"column":null}},"type":"binary-expr","locations":[{"start":{"line":229,"column":17},"end":{"line":229,"column":28}},{"start":{"line":230,"column":18},"end":{"line":231,"column":null}}]},"23":{"loc":{"start":{"line":257,"column":17},"end":{"line":260,"column":null}},"type":"binary-expr","locations":[{"start":{"line":257,"column":17},"end":{"line":257,"column":29}},{"start":{"line":258,"column":18},"end":{"line":259,"column":null}}]},"24":{"loc":{"start":{"line":279,"column":17},"end":{"line":282,"column":null}},"type":"binary-expr","locations":[{"start":{"line":279,"column":17},"end":{"line":279,"column":31}},{"start":{"line":280,"column":18},"end":{"line":281,"column":null}}]},"25":{"loc":{"start":{"line":301,"column":17},"end":{"line":304,"column":null}},"type":"binary-expr","locations":[{"start":{"line":301,"column":17},"end":{"line":301,"column":31}},{"start":{"line":302,"column":18},"end":{"line":303,"column":null}}]},"26":{"loc":{"start":{"line":314,"column":17},"end":{"line":323,"column":null}},"type":"cond-expr","locations":[{"start":{"line":315,"column":18},"end":{"line":316,"column":null}},{"start":{"line":320,"column":18},"end":{"line":321,"column":null}}]},"27":{"loc":{"start":{"line":328,"column":15},"end":{"line":334,"column":null}},"type":"binary-expr","locations":[{"start":{"line":328,"column":15},"end":{"line":328,"column":41}},{"start":{"line":329,"column":16},"end":{"line":333,"column":null}}]},"28":{"loc":{"start":{"line":337,"column":15},"end":{"line":344,"column":null}},"type":"binary-expr","locations":[{"start":{"line":337,"column":15},"end":{"line":337,"column":39}},{"start":{"line":338,"column":16},"end":{"line":343,"column":null}}]}},"s":{"0":0,"1":0,"2":0,"3":0,"4":0,"5":0,"6":0,"7":0,"8":0,"9":0,"10":0,"11":0,"12":0,"13":0,"14":0,"15":0,"16":0,"17":0,"18":0,"19":0,"20":0,"21":0,"22":0,"23":0,"24":0,"25":0,"26":0,"27":0,"28":0,"29":0,"30":0,"31":0},"f":{"0":0,"1":0,"2":0,"3":0,"4":0},"b":{"0":[0,0],"1":[0,0],"2":[0,0],"3":[0,0],"4":[0,0],"5":[0,0],"6":[0,0],"7":[0,0],"8":[0,0],"9":[0,0],"10":[0,0],"11":[0,0],"12":[0,0],"13":[0,0],"14":[0,0],"15":[0,0],"16":[0,0],"17":[0,0],"18":[0,0],"19":[0,0],"20":[0,0],"21":[0,0],"22":[0,0],"23":[0,0],"24":[0,0],"25":[0,0],"26":[0,0],"27":[0,0],"28":[0,0]}}
,"D:\\Alif\\portfolio-alif-andarta\\src\\components\\Education.tsx": {"path":"D:\\Alif\\portfolio-alif-andarta\\src\\components\\Education.tsx","statementMap":{"0":{"start":{"line":1,"column":0},"end":{"line":1,"column":51}},"1":{"start":{"line":2,"column":0},"end":{"line":2,"column":39}},"2":{"start":{"line":3,"column":0},"end":{"line":3,"column":62}},"3":{"start":{"line":4,"column":0},"end":{"line":4,"column":51}},"4":{"start":{"line":7,"column":28},"end":{"line":193,"column":1}},"5":{"start":{"line":8,"column":36},"end":{"line":8,"column":65}},"6":{"start":{"line":9,"column":32},"end":{"line":9,"column":46}},"7":{"start":{"line":11,"column":2},"end":{"line":51,"column":9}},"8":{"start":{"line":12,"column":27},"end":{"line":48,"column":6}},"9":{"start":{"line":12,"column":38},"end":{"line":48,"column":6}},"10":{"start":{"line":13,"column":6},"end":{"line":47,"column":7}},"11":{"start":{"line":14,"column":21},"end":{"line":14,"column":58}},"12":{"start":{"line":15,"column":8},"end":{"line":15,"column":27}},"13":{"start":{"line":17,"column":8},"end":{"line":17,"column":58}},"14":{"start":{"line":19,"column":8},"end":{"line":44,"column":11}},"15":{"start":{"line":46,"column":8},"end":{"line":46,"column":26}},"16":{"start":{"line":50,"column":4},"end":{"line":50,"column":21}},"17":{"start":{"line":53,"column":21},"end":{"line":59,"column":3}},"18":{"start":{"line":54,"column":17},"end":{"line":54,"column":37}},"19":{"start":{"line":55,"column":4},"end":{"line":58,"column":7}},"20":{"start":{"line":61,"column":2},"end":{"line":71,"column":3}},"21":{"start":{"line":62,"column":4},"end":{"line":70,"column":6}},"22":{"start":{"line":73,"column":2},"end":{"line":192,"column":4}},"23":{"start":{"line":103,"column":14},"end":{"line":104,"column":null}},"24":{"start":{"line":195,"column":0},"end":{"line":195,"column":25}}},"fnMap":{"0":{"name":"(anonymous_7)","decl":{"start":{"line":7,"column":28},"end":{"line":7,"column":31}},"loc":{"start":{"line":7,"column":33},"end":{"line":193,"column":1}}},"1":{"name":"(anonymous_8)","decl":{"start":{"line":11,"column":12},"end":{"line":11,"column":15}},"loc":{"start":{"line":11,"column":17},"end":{"line":51,"column":3}}},"2":{"name":"(anonymous_9)","decl":{"start":{"line":12,"column":27},"end":{"line":12,"column":36}},"loc":{"start":{"line":12,"column":38},"end":{"line":48,"column":6}}},"3":{"name":"(anonymous_10)","decl":{"start":{"line":12,"column":38},"end":{"line":12,"column":null}},"loc":{"start":{"line":12,"column":38},"end":{"line":48,"column":5}}},"4":{"name":"(anonymous_11)","decl":{"start":{"line":53,"column":21},"end":{"line":53,"column":22}},"loc":{"start":{"line":53,"column":44},"end":{"line":59,"column":3}}},"5":{"name":"(anonymous_12)","decl":{"start":{"line":102,"column":27},"end":{"line":102,"column":28}},"loc":{"start":{"line":103,"column":14},"end":{"line":104,"column":null}}}},"branchMap":{"0":{"loc":{"start":{"line":61,"column":2},"end":{"line":71,"column":3}},"type":"if","locations":[{"start":{"line":61,"column":2},"end":{"line":71,"column":3}},{"start":{},"end":{}}]},"1":{"loc":{"start":{"line":92,"column":9},"end":{"line":147,"column":null}},"type":"cond-expr","locations":[{"start":{"line":93,"column":10},"end":{"line":98,"column":null}},{"start":{"line":101,"column":10},"end":{"line":146,"column":null}}]},"2":{"loc":{"start":{"line":129,"column":23},"end":{"line":129,"column":74}},"type":"cond-expr","locations":[{"start":{"line":129,"column":38},"end":{"line":129,"column":62}},{"start":{"line":129,"column":65},"end":{"line":129,"column":74}}]},"3":{"loc":{"start":{"line":132,"column":19},"end":{"line":136,"column":null}},"type":"binary-expr","locations":[{"start":{"line":132,"column":19},"end":{"line":132,"column":26}},{"start":{"line":133,"column":20},"end":{"line":135,"column":null}}]},"4":{"loc":{"start":{"line":140,"column":17},"end":{"line":143,"column":null}},"type":"binary-expr","locations":[{"start":{"line":140,"column":17},"end":{"line":140,"column":32}},{"start":{"line":141,"column":18},"end":{"line":142,"column":null}}]}},"s":{"0":0,"1":0,"2":0,"3":0,"4":0,"5":0,"6":0,"7":0,"8":0,"9":0,"10":0,"11":0,"12":0,"13":0,"14":0,"15":0,"16":0,"17":0,"18":0,"19":0,"20":0,"21":0,"22":0,"23":0,"24":0},"f":{"0":0,"1":0,"2":0,"3":0,"4":0,"5":0},"b":{"0":[0,0],"1":[0,0],"2":[0,0],"3":[0,0],"4":[0,0]}}
,"D:\\Alif\\portfolio-alif-andarta\\src\\components\\Experience.tsx": {"path":"D:\\Alif\\portfolio-alif-andarta\\src\\components\\Experience.tsx","statementMap":{"0":{"start":{"line":1,"column":0},"end":{"line":1,"column":51}},"1":{"start":{"line":2,"column":0},"end":{"line":2,"column":39}},"2":{"start":{"line":3,"column":0},"end":{"line":3,"column":62}},"3":{"start":{"line":4,"column":0},"end":{"line":4,"column":51}},"4":{"start":{"line":7,"column":29},"end":{"line":202,"column":1}},"5":{"start":{"line":8,"column":40},"end":{"line":8,"column":70}},"6":{"start":{"line":9,"column":32},"end":{"line":9,"column":46}},"7":{"start":{"line":11,"column":2},"end":{"line":63,"column":9}},"8":{"start":{"line":12,"column":29},"end":{"line":60,"column":6}},"9":{"start":{"line":12,"column":40},"end":{"line":60,"column":6}},"10":{"start":{"line":13,"column":6},"end":{"line":59,"column":7}},"11":{"start":{"line":14,"column":21},"end":{"line":14,"column":59}},"12":{"start":{"line":15,"column":8},"end":{"line":15,"column":29}},"13":{"start":{"line":17,"column":8},"end":{"line":17,"column":60}},"14":{"start":{"line":19,"column":8},"end":{"line":56,"column":11}},"15":{"start":{"line":58,"column":8},"end":{"line":58,"column":26}},"16":{"start":{"line":62,"column":4},"end":{"line":62,"column":23}},"17":{"start":{"line":65,"column":21},"end":{"line":71,"column":3}},"18":{"start":{"line":66,"column":17},"end":{"line":66,"column":37}},"19":{"start":{"line":67,"column":4},"end":{"line":70,"column":7}},"20":{"start":{"line":73,"column":2},"end":{"line":83,"column":3}},"21":{"start":{"line":74,"column":4},"end":{"line":82,"column":6}},"22":{"start":{"line":85,"column":2},"end":{"line":108,"column":3}},"23":{"start":{"line":86,"column":4},"end":{"line":107,"column":6}},"24":{"start":{"line":110,"column":2},"end":{"line":201,"column":4}},"25":{"start":{"line":135,"column":14},"end":{"line":136,"column":null}},"26":{"start":{"line":185,"column":24},"end":{"line":186,"column":null}},"27":{"start":{"line":204,"column":0},"end":{"line":204,"column":26}}},"fnMap":{"0":{"name":"(anonymous_7)","decl":{"start":{"line":7,"column":29},"end":{"line":7,"column":32}},"loc":{"start":{"line":7,"column":34},"end":{"line":202,"column":1}}},"1":{"name":"(anonymous_8)","decl":{"start":{"line":11,"column":12},"end":{"line":11,"column":15}},"loc":{"start":{"line":11,"column":17},"end":{"line":63,"column":3}}},"2":{"name":"(anonymous_9)","decl":{"start":{"line":12,"column":29},"end":{"line":12,"column":38}},"loc":{"start":{"line":12,"column":40},"end":{"line":60,"column":6}}},"3":{"name":"(anonymous_10)","decl":{"start":{"line":12,"column":40},"end":{"line":12,"column":null}},"loc":{"start":{"line":12,"column":40},"end":{"line":60,"column":5}}},"4":{"name":"(anonymous_11)","decl":{"start":{"line":65,"column":21},"end":{"line":65,"column":22}},"loc":{"start":{"line":65,"column":44},"end":{"line":71,"column":3}}},"5":{"name":"(anonymous_12)","decl":{"start":{"line":134,"column":29},"end":{"line":134,"column":30}},"loc":{"start":{"line":135,"column":14},"end":{"line":136,"column":null}}},"6":{"name":"(anonymous_13)","decl":{"start":{"line":184,"column":44},"end":{"line":184,"column":45}},"loc":{"start":{"line":185,"column":24},"end":{"line":186,"column":null}}}},"branchMap":{"0":{"loc":{"start":{"line":73,"column":2},"end":{"line":83,"column":3}},"type":"if","locations":[{"start":{"line":73,"column":2},"end":{"line":83,"column":3}},{"start":{},"end":{}}]},"1":{"loc":{"start":{"line":85,"column":2},"end":{"line":108,"column":3}},"type":"if","locations":[{"start":{"line":85,"column":2},"end":{"line":108,"column":3}},{"start":{},"end":{}}]},"2":{"loc":{"start":{"line":138,"column":18},"end":{"line":138,"column":null}},"type":"cond-expr","locations":[{"start":{"line":138,"column":36},"end":{"line":138,"column":49}},{"start":{"line":138,"column":52},"end":{"line":138,"column":null}}]},"3":{"loc":{"start":{"line":147,"column":20},"end":{"line":147,"column":null}},"type":"cond-expr","locations":[{"start":{"line":147,"column":38},"end":{"line":147,"column":47}},{"start":{"line":147,"column":50},"end":{"line":147,"column":null}}]},"4":{"loc":{"start":{"line":170,"column":27},"end":{"line":170,"column":78}},"type":"cond-expr","locations":[{"start":{"line":170,"column":42},"end":{"line":170,"column":66}},{"start":{"line":170,"column":69},"end":{"line":170,"column":78}}]}},"s":{"0":0,"1":0,"2":0,"3":0,"4":0,"5":0,"6":0,"7":0,"8":0,"9":0,"10":0,"11":0,"12":0,"13":0,"14":0,"15":0,"16":0,"17":0,"18":0,"19":0,"20":0,"21":0,"22":0,"23":0,"24":0,"25":0,"26":0,"27":0},"f":{"0":0,"1":0,"2":0,"3":0,"4":0,"5":0,"6":0},"b":{"0":[0,0],"1":[0,0],"2":[0,0],"3":[0,0],"4":[0,0]}}
,"D:\\Alif\\portfolio-alif-andarta\\src\\components\\FloatingActionButton.tsx": {"path":"D:\\Alif\\portfolio-alif-andarta\\src\\components\\FloatingActionButton.tsx","statementMap":{"0":{"start":{"line":1,"column":0},"end":{"line":1,"column":40}},"1":{"start":{"line":2,"column":0},"end":{"line":2,"column":56}},"2":{"start":{"line":3,"column":0},"end":{"line":3,"column":65}},"3":{"start":{"line":4,"column":0},"end":{"line":4,"column":null}},"4":{"start":{"line":22,"column":28},"end":{"line":31,"column":2}},"5":{"start":{"line":33,"column":39},"end":{"line":122,"column":1}},"6":{"start":{"line":34,"column":38},"end":{"line":34,"column":53}},"7":{"start":{"line":35,"column":20},"end":{"line":35,"column":43}},"8":{"start":{"line":37,"column":26},"end":{"line":46,"column":3}},"9":{"start":{"line":38,"column":20},"end":{"line":38,"column":54}},"10":{"start":{"line":39,"column":4},"end":{"line":45,"column":5}},"11":{"start":{"line":40,"column":6},"end":{"line":43,"column":9}},"12":{"start":{"line":44,"column":6},"end":{"line":44,"column":27}},"13":{"start":{"line":48,"column":25},"end":{"line":50,"column":3}},"14":{"start":{"line":49,"column":4},"end":{"line":49,"column":31}},"15":{"start":{"line":52,"column":2},"end":{"line":52,"column":30}},"16":{"start":{"line":52,"column":18},"end":{"line":52,"column":30}},"17":{"start":{"line":54,"column":2},"end":{"line":121,"column":4}},"18":{"start":{"line":59,"column":25},"end":{"line":59,"column":45}},"19":{"start":{"line":73,"column":14},"end":{"line":74,"column":null}},"20":{"start":{"line":75,"column":31},"end":{"line":75,"column":58}},"21":{"start":{"line":124,"column":0},"end":{"line":124,"column":36}}},"fnMap":{"0":{"name":"(anonymous_0)","decl":{"start":{"line":33,"column":39},"end":{"line":33,"column":42}},"loc":{"start":{"line":33,"column":44},"end":{"line":122,"column":1}}},"1":{"name":"(anonymous_1)","decl":{"start":{"line":37,"column":26},"end":{"line":37,"column":27}},"loc":{"start":{"line":37,"column":48},"end":{"line":46,"column":3}}},"2":{"name":"(anonymous_2)","decl":{"start":{"line":48,"column":25},"end":{"line":48,"column":28}},"loc":{"start":{"line":48,"column":30},"end":{"line":50,"column":3}}},"3":{"name":"(anonymous_3)","decl":{"start":{"line":59,"column":19},"end":{"line":59,"column":22}},"loc":{"start":{"line":59,"column":25},"end":{"line":59,"column":45}}},"4":{"name":"(anonymous_4)","decl":{"start":{"line":72,"column":26},"end":{"line":72,"column":27}},"loc":{"start":{"line":73,"column":14},"end":{"line":74,"column":null}}},"5":{"name":"(anonymous_5)","decl":{"start":{"line":75,"column":25},"end":{"line":75,"column":28}},"loc":{"start":{"line":75,"column":31},"end":{"line":75,"column":58}}}},"branchMap":{"0":{"loc":{"start":{"line":39,"column":4},"end":{"line":45,"column":5}},"type":"if","locations":[{"start":{"line":39,"column":4},"end":{"line":45,"column":5}},{"start":{},"end":{}}]},"1":{"loc":{"start":{"line":52,"column":2},"end":{"line":52,"column":30}},"type":"if","locations":[{"start":{"line":52,"column":2},"end":{"line":52,"column":30}},{"start":{},"end":{}}]},"2":{"loc":{"start":{"line":56,"column":7},"end":{"line":60,"column":null}},"type":"binary-expr","locations":[{"start":{"line":56,"column":7},"end":{"line":56,"column":17}},{"start":{"line":57,"column":8},"end":{"line":59,"column":null}}]},"3":{"loc":{"start":{"line":64,"column":9},"end":{"line":98,"column":null}},"type":"binary-expr","locations":[{"start":{"line":64,"column":9},"end":{"line":64,"column":19}},{"start":{"line":65,"column":10},"end":{"line":97,"column":null}}]},"4":{"loc":{"start":{"line":105,"column":10},"end":{"line":107,"column":null}},"type":"cond-expr","locations":[{"start":{"line":106,"column":14},"end":{"line":106,"column":43}},{"start":{"line":107,"column":14},"end":{"line":107,"column":null}}]},"5":{"loc":{"start":{"line":111,"column":27},"end":{"line":111,"column":47}},"type":"cond-expr","locations":[{"start":{"line":111,"column":40},"end":{"line":111,"column":43}},{"start":{"line":111,"column":46},"end":{"line":111,"column":47}}]},"6":{"loc":{"start":{"line":114,"column":9},"end":{"line":117,"column":null}},"type":"cond-expr","locations":[{"start":{"line":115,"column":10},"end":{"line":115,"column":48}},{"start":{"line":117,"column":10},"end":{"line":117,"column":51}}]}},"s":{"0":0,"1":0,"2":0,"3":0,"4":0,"5":0,"6":0,"7":0,"8":0,"9":0,"10":0,"11":0,"12":0,"13":0,"14":0,"15":0,"16":0,"17":0,"18":0,"19":0,"20":0,"21":0},"f":{"0":0,"1":0,"2":0,"3":0,"4":0,"5":0},"b":{"0":[0,0],"1":[0,0],"2":[0,0],"3":[0,0],"4":[0,0],"5":[0,0],"6":[0,0]}}
,"D:\\Alif\\portfolio-alif-andarta\\src\\components\\Footer.tsx": {"path":"D:\\Alif\\portfolio-alif-andarta\\src\\components\\Footer.tsx","statementMap":{"0":{"start":{"line":2,"column":0},"end":{"line":2,"column":39}},"1":{"start":{"line":3,"column":0},"end":{"line":3,"column":70}},"2":{"start":{"line":4,"column":0},"end":{"line":4,"column":52}},"3":{"start":{"line":6,"column":25},"end":{"line":153,"column":1}},"4":{"start":{"line":7,"column":38},"end":{"line":7,"column":50}},"5":{"start":{"line":8,"column":22},"end":{"line":10,"column":3}},"6":{"start":{"line":9,"column":4},"end":{"line":9,"column":52}},"7":{"start":{"line":12,"column":22},"end":{"line":12,"column":46}},"8":{"start":{"line":14,"column":2},"end":{"line":16,"column":3}},"9":{"start":{"line":15,"column":4},"end":{"line":15,"column":63}},"10":{"start":{"line":17,"column":2},"end":{"line":23,"column":3}},"11":{"start":{"line":18,"column":4},"end":{"line":22,"column":6}},"12":{"start":{"line":25,"column":2},"end":{"line":152,"column":4}},"13":{"start":{"line":85,"column":16},"end":{"line":85,"column":null}},"14":{"start":{"line":89,"column":22},"end":{"line":89,"column":41}},"15":{"start":{"line":90,"column":38},"end":{"line":91,"column":null}},"16":{"start":{"line":93,"column":22},"end":{"line":95,"column":23}},"17":{"start":{"line":94,"column":24},"end":{"line":94,"column":71}},"18":{"start":{"line":155,"column":0},"end":{"line":155,"column":22}}},"fnMap":{"0":{"name":"(anonymous_0)","decl":{"start":{"line":6,"column":25},"end":{"line":6,"column":28}},"loc":{"start":{"line":6,"column":30},"end":{"line":153,"column":1}}},"1":{"name":"(anonymous_1)","decl":{"start":{"line":8,"column":22},"end":{"line":8,"column":25}},"loc":{"start":{"line":8,"column":27},"end":{"line":10,"column":3}}},"2":{"name":"(anonymous_2)","decl":{"start":{"line":84,"column":20},"end":{"line":84,"column":21}},"loc":{"start":{"line":85,"column":16},"end":{"line":85,"column":null}}},"3":{"name":"(anonymous_3)","decl":{"start":{"line":88,"column":29},"end":{"line":88,"column":30}},"loc":{"start":{"line":88,"column":35},"end":{"line":96,"column":21}}}},"branchMap":{"0":{"loc":{"start":{"line":14,"column":2},"end":{"line":16,"column":3}},"type":"if","locations":[{"start":{"line":14,"column":2},"end":{"line":16,"column":3}},{"start":{},"end":{}}]},"1":{"loc":{"start":{"line":17,"column":2},"end":{"line":23,"column":3}},"type":"if","locations":[{"start":{"line":17,"column":2},"end":{"line":23,"column":3}},{"start":{},"end":{}}]},"2":{"loc":{"start":{"line":43,"column":25},"end":{"line":43,"column":48}},"type":"cond-expr","locations":[{"start":{"line":43,"column":32},"end":{"line":43,"column":34}},{"start":{"line":43,"column":25},"end":{"line":43,"column":48}}]},"3":{"loc":{"start":{"line":43,"column":25},"end":{"line":43,"column":34}},"type":"binary-expr","locations":[{"start":{"line":43,"column":25},"end":{"line":43,"column":34}},{"start":{"line":43,"column":25},"end":{"line":43,"column":34}}]},"4":{"loc":{"start":{"line":54,"column":25},"end":{"line":54,"column":50}},"type":"cond-expr","locations":[{"start":{"line":54,"column":32},"end":{"line":54,"column":34}},{"start":{"line":54,"column":25},"end":{"line":54,"column":50}}]},"5":{"loc":{"start":{"line":54,"column":25},"end":{"line":54,"column":34}},"type":"binary-expr","locations":[{"start":{"line":54,"column":25},"end":{"line":54,"column":34}},{"start":{"line":54,"column":25},"end":{"line":54,"column":34}}]},"6":{"loc":{"start":{"line":65,"column":32},"end":{"line":65,"column":46}},"type":"cond-expr","locations":[{"start":{"line":65,"column":39},"end":{"line":65,"column":41}},{"start":{"line":65,"column":32},"end":{"line":65,"column":46}}]},"7":{"loc":{"start":{"line":65,"column":32},"end":{"line":65,"column":41}},"type":"binary-expr","locations":[{"start":{"line":65,"column":32},"end":{"line":65,"column":41}},{"start":{"line":65,"column":32},"end":{"line":65,"column":41}}]},"8":{"loc":{"start":{"line":93,"column":22},"end":{"line":95,"column":23}},"type":"if","locations":[{"start":{"line":93,"column":22},"end":{"line":95,"column":23}},{"start":{},"end":{}}]},"9":{"loc":{"start":{"line":113,"column":34},"end":{"line":113,"column":48}},"type":"cond-expr","locations":[{"start":{"line":113,"column":41},"end":{"line":113,"column":43}},{"start":{"line":113,"column":34},"end":{"line":113,"column":48}}]},"10":{"loc":{"start":{"line":113,"column":34},"end":{"line":113,"column":43}},"type":"binary-expr","locations":[{"start":{"line":113,"column":34},"end":{"line":113,"column":43}},{"start":{"line":113,"column":34},"end":{"line":113,"column":43}}]},"11":{"loc":{"start":{"line":116,"column":19},"end":{"line":116,"column":33}},"type":"cond-expr","locations":[{"start":{"line":116,"column":26},"end":{"line":116,"column":28}},{"start":{"line":116,"column":19},"end":{"line":116,"column":33}}]},"12":{"loc":{"start":{"line":116,"column":19},"end":{"line":116,"column":28}},"type":"binary-expr","locations":[{"start":{"line":116,"column":19},"end":{"line":116,"column":28}},{"start":{"line":116,"column":19},"end":{"line":116,"column":28}}]},"13":{"loc":{"start":{"line":130,"column":35},"end":{"line":130,"column":52}},"type":"cond-expr","locations":[{"start":{"line":130,"column":42},"end":{"line":130,"column":44}},{"start":{"line":130,"column":35},"end":{"line":130,"column":52}}]},"14":{"loc":{"start":{"line":130,"column":35},"end":{"line":130,"column":44}},"type":"binary-expr","locations":[{"start":{"line":130,"column":35},"end":{"line":130,"column":44}},{"start":{"line":130,"column":35},"end":{"line":130,"column":44}}]}},"s":{"0":0,"1":0,"2":0,"3":0,"4":0,"5":0,"6":0,"7":0,"8":0,"9":0,"10":0,"11":0,"12":0,"13":0,"14":0,"15":0,"16":0,"17":0,"18":0},"f":{"0":0,"1":0,"2":0,"3":0},"b":{"0":[0,0],"1":[0,0],"2":[0,0],"3":[0,0],"4":[0,0],"5":[0,0],"6":[0,0],"7":[0,0],"8":[0,0],"9":[0,0],"10":[0,0],"11":[0,0],"12":[0,0],"13":[0,0],"14":[0,0]}}
,"D:\\Alif\\portfolio-alif-andarta\\src\\components\\Header.tsx": {"path":"D:\\Alif\\portfolio-alif-andarta\\src\\components\\Header.tsx","statementMap":{"0":{"start":{"line":1,"column":0},"end":{"line":1,"column":26}},"1":{"start":{"line":2,"column":0},"end":{"line":2,"column":39}},"2":{"start":{"line":3,"column":0},"end":{"line":3,"column":74}},"3":{"start":{"line":4,"column":0},"end":{"line":4,"column":45}},"4":{"start":{"line":5,"column":0},"end":{"line":5,"column":53}},"5":{"start":{"line":6,"column":0},"end":{"line":6,"column":52}},"6":{"start":{"line":7,"column":0},"end":{"line":7,"column":47}},"7":{"start":{"line":9,"column":25},"end":{"line":200,"column":1}},"8":{"start":{"line":10,"column":38},"end":{"line":10,"column":50}},"9":{"start":{"line":11,"column":38},"end":{"line":11,"column":59}},"10":{"start":{"line":12,"column":33},"end":{"line":12,"column":43}},"11":{"start":{"line":14,"column":21},"end":{"line":23,"column":4}},"12":{"start":{"line":24,"column":24},"end":{"line":24,"column":48}},"13":{"start":{"line":26,"column":19},"end":{"line":35,"column":4}},"14":{"start":{"line":37,"column":26},"end":{"line":43,"column":3}},"15":{"start":{"line":38,"column":20},"end":{"line":38,"column":54}},"16":{"start":{"line":39,"column":4},"end":{"line":42,"column":5}},"17":{"start":{"line":40,"column":6},"end":{"line":40,"column":53}},"18":{"start":{"line":41,"column":6},"end":{"line":41,"column":27}},"19":{"start":{"line":45,"column":2},"end":{"line":47,"column":3}},"20":{"start":{"line":46,"column":4},"end":{"line":46,"column":63}},"21":{"start":{"line":48,"column":2},"end":{"line":54,"column":3}},"22":{"start":{"line":49,"column":4},"end":{"line":53,"column":6}},"23":{"start":{"line":56,"column":2},"end":{"line":199,"column":4}},"24":{"start":{"line":68,"column":27},"end":{"line":68,"column":50}},"25":{"start":{"line":83,"column":14},"end":{"line":84,"column":null}},"26":{"start":{"line":85,"column":31},"end":{"line":85,"column":55}},"27":{"start":{"line":124,"column":31},"end":{"line":124,"column":57}},"28":{"start":{"line":144,"column":29},"end":{"line":144,"column":55}},"29":{"start":{"line":163,"column":14},"end":{"line":164,"column":null}},"30":{"start":{"line":165,"column":31},"end":{"line":165,"column":55}},"31":{"start":{"line":202,"column":0},"end":{"line":202,"column":22}}},"fnMap":{"0":{"name":"(anonymous_1)","decl":{"start":{"line":9,"column":25},"end":{"line":9,"column":28}},"loc":{"start":{"line":9,"column":30},"end":{"line":200,"column":1}}},"1":{"name":"(anonymous_2)","decl":{"start":{"line":37,"column":26},"end":{"line":37,"column":27}},"loc":{"start":{"line":37,"column":48},"end":{"line":43,"column":3}}},"2":{"name":"(anonymous_3)","decl":{"start":{"line":68,"column":21},"end":{"line":68,"column":24}},"loc":{"start":{"line":68,"column":27},"end":{"line":68,"column":50}}},"3":{"name":"(anonymous_4)","decl":{"start":{"line":82,"column":26},"end":{"line":82,"column":27}},"loc":{"start":{"line":83,"column":14},"end":{"line":84,"column":null}}},"4":{"name":"(anonymous_5)","decl":{"start":{"line":85,"column":25},"end":{"line":85,"column":28}},"loc":{"start":{"line":85,"column":31},"end":{"line":85,"column":55}}},"5":{"name":"(anonymous_6)","decl":{"start":{"line":124,"column":25},"end":{"line":124,"column":28}},"loc":{"start":{"line":124,"column":31},"end":{"line":124,"column":57}}},"6":{"name":"(anonymous_7)","decl":{"start":{"line":144,"column":23},"end":{"line":144,"column":26}},"loc":{"start":{"line":144,"column":29},"end":{"line":144,"column":55}}},"7":{"name":"(anonymous_8)","decl":{"start":{"line":162,"column":26},"end":{"line":162,"column":27}},"loc":{"start":{"line":163,"column":14},"end":{"line":164,"column":null}}},"8":{"name":"(anonymous_9)","decl":{"start":{"line":165,"column":25},"end":{"line":165,"column":28}},"loc":{"start":{"line":165,"column":31},"end":{"line":165,"column":55}}}},"branchMap":{"0":{"loc":{"start":{"line":39,"column":4},"end":{"line":42,"column":5}},"type":"if","locations":[{"start":{"line":39,"column":4},"end":{"line":42,"column":5}},{"start":{},"end":{}}]},"1":{"loc":{"start":{"line":45,"column":2},"end":{"line":47,"column":3}},"type":"if","locations":[{"start":{"line":45,"column":2},"end":{"line":47,"column":3}},{"start":{},"end":{}}]},"2":{"loc":{"start":{"line":48,"column":2},"end":{"line":54,"column":3}},"type":"if","locations":[{"start":{"line":48,"column":2},"end":{"line":54,"column":3}},{"start":{},"end":{}}]},"3":{"loc":{"start":{"line":87,"column":18},"end":{"line":89,"column":null}},"type":"cond-expr","locations":[{"start":{"line":88,"column":22},"end":{"line":88,"column":56}},{"start":{"line":89,"column":22},"end":{"line":89,"column":null}}]},"4":{"loc":{"start":{"line":104,"column":25},"end":{"line":104,"column":48}},"type":"cond-expr","locations":[{"start":{"line":104,"column":32},"end":{"line":104,"column":34}},{"start":{"line":104,"column":25},"end":{"line":104,"column":48}}]},"5":{"loc":{"start":{"line":104,"column":25},"end":{"line":104,"column":34}},"type":"binary-expr","locations":[{"start":{"line":104,"column":25},"end":{"line":104,"column":34}},{"start":{"line":104,"column":25},"end":{"line":104,"column":34}}]},"6":{"loc":{"start":{"line":114,"column":25},"end":{"line":114,"column":50}},"type":"cond-expr","locations":[{"start":{"line":114,"column":32},"end":{"line":114,"column":34}},{"start":{"line":114,"column":25},"end":{"line":114,"column":50}}]},"7":{"loc":{"start":{"line":114,"column":25},"end":{"line":114,"column":34}},"type":"binary-expr","locations":[{"start":{"line":114,"column":25},"end":{"line":114,"column":34}},{"start":{"line":114,"column":25},"end":{"line":114,"column":34}}]},"8":{"loc":{"start":{"line":138,"column":15},"end":{"line":138,"column":73}},"type":"cond-expr","locations":[{"start":{"line":138,"column":35},"end":{"line":138,"column":53}},{"start":{"line":138,"column":56},"end":{"line":138,"column":73}}]},"9":{"loc":{"start":{"line":147,"column":15},"end":{"line":147,"column":64}},"type":"cond-expr","locations":[{"start":{"line":147,"column":28},"end":{"line":147,"column":43}},{"start":{"line":147,"column":46},"end":{"line":147,"column":64}}]},"10":{"loc":{"start":{"line":154,"column":7},"end":{"line":196,"column":null}},"type":"binary-expr","locations":[{"start":{"line":154,"column":7},"end":{"line":154,"column":17}},{"start":{"line":155,"column":8},"end":{"line":195,"column":null}}]},"11":{"loc":{"start":{"line":167,"column":18},"end":{"line":169,"column":null}},"type":"cond-expr","locations":[{"start":{"line":168,"column":22},"end":{"line":168,"column":56}},{"start":{"line":169,"column":22},"end":{"line":169,"column":null}}]}},"s":{"0":1,"1":1,"2":1,"3":1,"4":1,"5":1,"6":1,"7":1,"8":8,"9":8,"10":7,"11":7,"12":7,"13":7,"14":7,"15":1,"16":1,"17":1,"18":1,"19":7,"20":1,"21":6,"22":1,"23":5,"24":0,"25":40,"26":1,"27":0,"28":0,"29":0,"30":0,"31":1},"f":{"0":8,"1":1,"2":0,"3":40,"4":1,"5":0,"6":0,"7":0,"8":0},"b":{"0":[1,0],"1":[1,6],"2":[1,5],"3":[5,35],"4":[0,5],"5":[5,5],"6":[0,5],"7":[5,5],"8":[5,0],"9":[0,5],"10":[5,0],"11":[0,0]}}
,"D:\\Alif\\portfolio-alif-andarta\\src\\components\\HeaderNavCard.tsx": {"path":"D:\\Alif\\portfolio-alif-andarta\\src\\components\\HeaderNavCard.tsx","statementMap":{"0":{"start":{"line":1,"column":0},"end":{"line":1,"column":37}},"1":{"start":{"line":3,"column":32},"end":{"line":76,"column":1}},"2":{"start":{"line":4,"column":16},"end":{"line":62,"column":4}},"3":{"start":{"line":64,"column":2},"end":{"line":75,"column":4}},"4":{"start":{"line":78,"column":0},"end":{"line":78,"column":29}}},"fnMap":{"0":{"name":"(anonymous_1)","decl":{"start":{"line":3,"column":32},"end":{"line":3,"column":35}},"loc":{"start":{"line":3,"column":37},"end":{"line":76,"column":1}}}},"branchMap":{},"s":{"0":0,"1":0,"2":0,"3":0,"4":0},"f":{"0":0},"b":{}}
,"D:\\Alif\\portfolio-alif-andarta\\src\\components\\Hero.tsx": {"path":"D:\\Alif\\portfolio-alif-andarta\\src\\components\\Hero.tsx","statementMap":{"0":{"start":{"line":1,"column":0},"end":{"line":1,"column":39}},"1":{"start":{"line":2,"column":0},"end":{"line":2,"column":49}},"2":{"start":{"line":4,"column":0},"end":{"line":4,"column":43}},"3":{"start":{"line":5,"column":0},"end":{"line":5,"column":41}},"4":{"start":{"line":7,"column":23},"end":{"line":174,"column":1}},"5":{"start":{"line":9,"column":26},"end":{"line":14,"column":3}},"6":{"start":{"line":10,"column":20},"end":{"line":10,"column":54}},"7":{"start":{"line":11,"column":4},"end":{"line":13,"column":5}},"8":{"start":{"line":12,"column":6},"end":{"line":12,"column":53}},"9":{"start":{"line":29,"column":2},"end":{"line":173,"column":4}},"10":{"start":{"line":71,"column":16},"end":{"line":84,"column":27}},"11":{"start":{"line":98,"column":29},"end":{"line":98,"column":57}},"12":{"start":{"line":107,"column":29},"end":{"line":107,"column":55}},"13":{"start":{"line":165,"column":23},"end":{"line":165,"column":47}},"14":{"start":{"line":176,"column":0},"end":{"line":176,"column":20}}},"fnMap":{"0":{"name":"(anonymous_1)","decl":{"start":{"line":7,"column":23},"end":{"line":7,"column":26}},"loc":{"start":{"line":7,"column":28},"end":{"line":174,"column":1}}},"1":{"name":"(anonymous_2)","decl":{"start":{"line":9,"column":26},"end":{"line":9,"column":27}},"loc":{"start":{"line":9,"column":48},"end":{"line":14,"column":3}}},"2":{"name":"(anonymous_3)","decl":{"start":{"line":70,"column":22},"end":{"line":70,"column":23}},"loc":{"start":{"line":70,"column":37},"end":{"line":85,"column":15}}},"3":{"name":"(anonymous_4)","decl":{"start":{"line":98,"column":23},"end":{"line":98,"column":26}},"loc":{"start":{"line":98,"column":29},"end":{"line":98,"column":57}}},"4":{"name":"(anonymous_5)","decl":{"start":{"line":107,"column":23},"end":{"line":107,"column":26}},"loc":{"start":{"line":107,"column":29},"end":{"line":107,"column":55}}},"5":{"name":"(anonymous_6)","decl":{"start":{"line":165,"column":17},"end":{"line":165,"column":20}},"loc":{"start":{"line":165,"column":23},"end":{"line":165,"column":47}}}},"branchMap":{"0":{"loc":{"start":{"line":11,"column":4},"end":{"line":13,"column":5}},"type":"if","locations":[{"start":{"line":11,"column":4},"end":{"line":13,"column":5}},{"start":{},"end":{}}]}},"s":{"0":0,"1":0,"2":0,"3":0,"4":0,"5":0,"6":0,"7":0,"8":0,"9":0,"10":0,"11":0,"12":0,"13":0,"14":0},"f":{"0":0,"1":0,"2":0,"3":0,"4":0,"5":0},"b":{"0":[0,0]}}
,"D:\\Alif\\portfolio-alif-andarta\\src\\components\\Skills.tsx": {"path":"D:\\Alif\\portfolio-alif-andarta\\src\\components\\Skills.tsx","statementMap":{"0":{"start":{"line":1,"column":0},"end":{"line":1,"column":51}},"1":{"start":{"line":2,"column":0},"end":{"line":2,"column":39}},"2":{"start":{"line":3,"column":0},"end":{"line":3,"column":71}},"3":{"start":{"line":4,"column":0},"end":{"line":4,"column":51}},"4":{"start":{"line":7,"column":25},"end":{"line":348,"column":1}},"5":{"start":{"line":8,"column":30},"end":{"line":8,"column":51}},"6":{"start":{"line":9,"column":32},"end":{"line":9,"column":46}},"7":{"start":{"line":11,"column":2},"end":{"line":167,"column":9}},"8":{"start":{"line":12,"column":24},"end":{"line":164,"column":6}},"9":{"start":{"line":12,"column":35},"end":{"line":164,"column":6}},"10":{"start":{"line":13,"column":6},"end":{"line":163,"column":7}},"11":{"start":{"line":14,"column":21},"end":{"line":14,"column":55}},"12":{"start":{"line":15,"column":8},"end":{"line":15,"column":24}},"13":{"start":{"line":17,"column":8},"end":{"line":17,"column":55}},"14":{"start":{"line":19,"column":8},"end":{"line":160,"column":11}},"15":{"start":{"line":162,"column":8},"end":{"line":162,"column":26}},"16":{"start":{"line":166,"column":4},"end":{"line":166,"column":18}},"17":{"start":{"line":169,"column":26},"end":{"line":182,"column":3}},"18":{"start":{"line":170,"column":4},"end":{"line":181,"column":5}},"19":{"start":{"line":172,"column":8},"end":{"line":172,"column":44}},"20":{"start":{"line":174,"column":8},"end":{"line":174,"column":46}},"21":{"start":{"line":176,"column":8},"end":{"line":176,"column":48}},"22":{"start":{"line":178,"column":8},"end":{"line":178,"column":44}},"23":{"start":{"line":180,"column":8},"end":{"line":180,"column":44}},"24":{"start":{"line":184,"column":27},"end":{"line":197,"column":3}},"25":{"start":{"line":185,"column":4},"end":{"line":196,"column":5}},"26":{"start":{"line":187,"column":8},"end":{"line":187,"column":39}},"27":{"start":{"line":189,"column":8},"end":{"line":189,"column":40}},"28":{"start":{"line":191,"column":8},"end":{"line":191,"column":27}},"29":{"start":{"line":193,"column":8},"end":{"line":193,"column":38}},"30":{"start":{"line":195,"column":8},"end":{"line":195,"column":24}},"31":{"start":{"line":199,"column":27},"end":{"line":212,"column":3}},"32":{"start":{"line":200,"column":4},"end":{"line":211,"column":5}},"33":{"start":{"line":202,"column":8},"end":{"line":202,"column":43}},"34":{"start":{"line":204,"column":8},"end":{"line":204,"column":43}},"35":{"start":{"line":206,"column":8},"end":{"line":206,"column":47}},"36":{"start":{"line":208,"column":8},"end":{"line":208,"column":47}},"37":{"start":{"line":210,"column":8},"end":{"line":210,"column":43}},"38":{"start":{"line":214,"column":27},"end":{"line":220,"column":35}},"39":{"start":{"line":215,"column":4},"end":{"line":217,"column":5}},"40":{"start":{"line":216,"column":6},"end":{"line":216,"column":31}},"41":{"start":{"line":218,"column":4},"end":{"line":218,"column":36}},"42":{"start":{"line":219,"column":4},"end":{"line":219,"column":15}},"43":{"start":{"line":222,"column":2},"end":{"line":232,"column":3}},"44":{"start":{"line":223,"column":4},"end":{"line":231,"column":6}},"45":{"start":{"line":234,"column":2},"end":{"line":347,"column":4}},"46":{"start":{"line":265,"column":16},"end":{"line":266,"column":null}},"47":{"start":{"line":284,"column":22},"end":{"line":284,"column":null}},"48":{"start":{"line":335,"column":16},"end":{"line":336,"column":null}},"49":{"start":{"line":350,"column":0},"end":{"line":350,"column":22}}},"fnMap":{"0":{"name":"(anonymous_7)","decl":{"start":{"line":7,"column":25},"end":{"line":7,"column":28}},"loc":{"start":{"line":7,"column":30},"end":{"line":348,"column":1}}},"1":{"name":"(anonymous_8)","decl":{"start":{"line":11,"column":12},"end":{"line":11,"column":15}},"loc":{"start":{"line":11,"column":17},"end":{"line":167,"column":3}}},"2":{"name":"(anonymous_9)","decl":{"start":{"line":12,"column":24},"end":{"line":12,"column":33}},"loc":{"start":{"line":12,"column":35},"end":{"line":164,"column":6}}},"3":{"name":"(anonymous_10)","decl":{"start":{"line":12,"column":35},"end":{"line":12,"column":null}},"loc":{"start":{"line":12,"column":35},"end":{"line":164,"column":5}}},"4":{"name":"(anonymous_11)","decl":{"start":{"line":169,"column":26},"end":{"line":169,"column":27}},"loc":{"start":{"line":169,"column":47},"end":{"line":182,"column":3}}},"5":{"name":"(anonymous_12)","decl":{"start":{"line":184,"column":27},"end":{"line":184,"column":28}},"loc":{"start":{"line":184,"column":48},"end":{"line":197,"column":3}}},"6":{"name":"(anonymous_13)","decl":{"start":{"line":199,"column":27},"end":{"line":199,"column":28}},"loc":{"start":{"line":199,"column":48},"end":{"line":212,"column":3}}},"7":{"name":"(anonymous_14)","decl":{"start":{"line":214,"column":41},"end":{"line":214,"column":42}},"loc":{"start":{"line":214,"column":56},"end":{"line":220,"column":3}}},"8":{"name":"(anonymous_15)","decl":{"start":{"line":264,"column":14},"end":{"line":264,"column":15}},"loc":{"start":{"line":265,"column":16},"end":{"line":266,"column":null}}},"9":{"name":"(anonymous_16)","decl":{"start":{"line":283,"column":40},"end":{"line":283,"column":41}},"loc":{"start":{"line":284,"column":22},"end":{"line":284,"column":null}}},"10":{"name":"(anonymous_17)","decl":{"start":{"line":334,"column":20},"end":{"line":334,"column":21}},"loc":{"start":{"line":335,"column":16},"end":{"line":336,"column":null}}}},"branchMap":{"0":{"loc":{"start":{"line":170,"column":4},"end":{"line":181,"column":5}},"type":"switch","locations":[{"start":{"line":171,"column":6},"end":{"line":172,"column":44}},{"start":{"line":173,"column":6},"end":{"line":174,"column":46}},{"start":{"line":175,"column":6},"end":{"line":176,"column":48}},{"start":{"line":177,"column":6},"end":{"line":178,"column":44}},{"start":{"line":179,"column":6},"end":{"line":180,"column":44}}]},"1":{"loc":{"start":{"line":185,"column":4},"end":{"line":196,"column":5}},"type":"switch","locations":[{"start":{"line":186,"column":6},"end":{"line":187,"column":39}},{"start":{"line":188,"column":6},"end":{"line":189,"column":40}},{"start":{"line":190,"column":6},"end":{"line":191,"column":27}},{"start":{"line":192,"column":6},"end":{"line":193,"column":38}},{"start":{"line":194,"column":6},"end":{"line":195,"column":24}}]},"2":{"loc":{"start":{"line":200,"column":4},"end":{"line":211,"column":5}},"type":"switch","locations":[{"start":{"line":201,"column":6},"end":{"line":202,"column":43}},{"start":{"line":203,"column":6},"end":{"line":204,"column":43}},{"start":{"line":205,"column":6},"end":{"line":206,"column":47}},{"start":{"line":207,"column":6},"end":{"line":208,"column":47}},{"start":{"line":209,"column":6},"end":{"line":210,"column":43}}]},"3":{"loc":{"start":{"line":215,"column":4},"end":{"line":217,"column":5}},"type":"if","locations":[{"start":{"line":215,"column":4},"end":{"line":217,"column":5}},{"start":{},"end":{}}]},"4":{"loc":{"start":{"line":222,"column":2},"end":{"line":232,"column":3}},"type":"if","locations":[{"start":{"line":222,"column":2},"end":{"line":232,"column":3}},{"start":{},"end":{}}]},"5":{"loc":{"start":{"line":253,"column":9},"end":{"line":307,"column":null}},"type":"cond-expr","locations":[{"start":{"line":254,"column":10},"end":{"line":259,"column":null}},{"start":{"line":262,"column":10},"end":{"line":306,"column":null}}]}},"s":{"0":0,"1":0,"2":0,"3":0,"4":0,"5":0,"6":0,"7":0,"8":0,"9":0,"10":0,"11":0,"12":0,"13":0,"14":0,"15":0,"16":0,"17":0,"18":0,"19":0,"20":0,"21":0,"22":0,"23":0,"24":0,"25":0,"26":0,"27":0,"28":0,"29":0,"30":0,"31":0,"32":0,"33":0,"34":0,"35":0,"36":0,"37":0,"38":0,"39":0,"40":0,"41":0,"42":0,"43":0,"44":0,"45":0,"46":0,"47":0,"48":0,"49":0},"f":{"0":0,"1":0,"2":0,"3":0,"4":0,"5":0,"6":0,"7":0,"8":0,"9":0,"10":0},"b":{"0":[0,0,0,0,0],"1":[0,0,0,0,0],"2":[0,0,0,0,0],"3":[0,0],"4":[0,0],"5":[0,0]}}
,"D:\\Alif\\portfolio-alif-andarta\\src\\components\\animation\\PixelTransition.tsx": {"path":"D:\\Alif\\portfolio-alif-andarta\\src\\components\\animation\\PixelTransition.tsx","statementMap":{"0":{"start":{"line":1,"column":0},"end":{"line":1,"column":74}},"1":{"start":{"line":2,"column":0},"end":{"line":2,"column":28}},"2":{"start":{"line":15,"column":56},"end":{"line":155,"column":1}},"3":{"start":{"line":25,"column":23},"end":{"line":25,"column":58}},"4":{"start":{"line":26,"column":23},"end":{"line":26,"column":58}},"5":{"start":{"line":27,"column":20},"end":{"line":27,"column":55}},"6":{"start":{"line":28,"column":25},"end":{"line":28,"column":61}},"7":{"start":{"line":30,"column":34},"end":{"line":30,"column":58}},"8":{"start":{"line":33,"column":4},"end":{"line":35,"column":50}},"9":{"start":{"line":37,"column":2},"end":{"line":59,"column":29}},"10":{"start":{"line":38,"column":24},"end":{"line":38,"column":44}},"11":{"start":{"line":39,"column":4},"end":{"line":39,"column":29}},"12":{"start":{"line":39,"column":22},"end":{"line":39,"column":29}},"13":{"start":{"line":41,"column":4},"end":{"line":41,"column":31}},"14":{"start":{"line":43,"column":4},"end":{"line":58,"column":5}},"15":{"start":{"line":43,"column":19},"end":{"line":43,"column":20}},"16":{"start":{"line":44,"column":6},"end":{"line":57,"column":7}},"17":{"start":{"line":44,"column":21},"end":{"line":44,"column":22}},"18":{"start":{"line":45,"column":22},"end":{"line":45,"column":51}},"19":{"start":{"line":46,"column":8},"end":{"line":46,"column":59}},"20":{"start":{"line":47,"column":8},"end":{"line":47,"column":50}},"21":{"start":{"line":48,"column":8},"end":{"line":48,"column":49}},"22":{"start":{"line":50,"column":21},"end":{"line":50,"column":35}},"23":{"start":{"line":51,"column":8},"end":{"line":51,"column":39}},"24":{"start":{"line":52,"column":8},"end":{"line":52,"column":40}},"25":{"start":{"line":53,"column":8},"end":{"line":53,"column":44}},"26":{"start":{"line":54,"column":8},"end":{"line":54,"column":43}},"27":{"start":{"line":56,"column":8},"end":{"line":56,"column":39}},"28":{"start":{"line":61,"column":24},"end":{"line":106,"column":3}},"29":{"start":{"line":62,"column":4},"end":{"line":62,"column":26}},"30":{"start":{"line":64,"column":24},"end":{"line":64,"column":44}},"31":{"start":{"line":65,"column":21},"end":{"line":65,"column":38}},"32":{"start":{"line":66,"column":4},"end":{"line":66,"column":42}},"33":{"start":{"line":66,"column":35},"end":{"line":66,"column":42}},"34":{"start":{"line":68,"column":19},"end":{"line":69,"column":null}},"35":{"start":{"line":71,"column":4},"end":{"line":71,"column":31}},"36":{"start":{"line":71,"column":24},"end":{"line":71,"column":31}},"37":{"start":{"line":73,"column":4},"end":{"line":73,"column":30}},"38":{"start":{"line":74,"column":4},"end":{"line":76,"column":5}},"39":{"start":{"line":75,"column":6},"end":{"line":75,"column":36}},"40":{"start":{"line":78,"column":4},"end":{"line":78,"column":42}},"41":{"start":{"line":80,"column":24},"end":{"line":80,"column":37}},"42":{"start":{"line":81,"column":28},"end":{"line":81,"column":63}},"43":{"start":{"line":83,"column":4},"end":{"line":90,"column":7}},"44":{"start":{"line":92,"column":4},"end":{"line":95,"column":7}},"45":{"start":{"line":93,"column":6},"end":{"line":93,"column":59}},"46":{"start":{"line":94,"column":6},"end":{"line":94,"column":60}},"47":{"start":{"line":97,"column":4},"end":{"line":105,"column":7}},"48":{"start":{"line":108,"column":27},"end":{"line":110,"column":3}},"49":{"start":{"line":109,"column":4},"end":{"line":109,"column":39}},"50":{"start":{"line":109,"column":19},"end":{"line":109,"column":39}},"51":{"start":{"line":111,"column":27},"end":{"line":113,"column":3}},"52":{"start":{"line":112,"column":4},"end":{"line":112,"column":39}},"53":{"start":{"line":112,"column":18},"end":{"line":112,"column":39}},"54":{"start":{"line":114,"column":22},"end":{"line":116,"column":3}},"55":{"start":{"line":115,"column":4},"end":{"line":115,"column":29}},"56":{"start":{"line":118,"column":2},"end":{"line":154,"column":4}},"57":{"start":{"line":157,"column":0},"end":{"line":157,"column":31}}},"fnMap":{"0":{"name":"(anonymous_0)","decl":{"start":{"line":15,"column":56},"end":{"line":15,"column":57}},"loc":{"start":{"line":24,"column":5},"end":{"line":155,"column":1}}},"1":{"name":"(anonymous_1)","decl":{"start":{"line":37,"column":12},"end":{"line":37,"column":15}},"loc":{"start":{"line":37,"column":17},"end":{"line":59,"column":3}}},"2":{"name":"(anonymous_2)","decl":{"start":{"line":61,"column":24},"end":{"line":61,"column":25}},"loc":{"start":{"line":61,"column":52},"end":{"line":106,"column":3}}},"3":{"name":"(anonymous_3)","decl":{"start":{"line":92,"column":69},"end":{"line":92,"column":72}},"loc":{"start":{"line":92,"column":74},"end":{"line":95,"column":5}}},"4":{"name":"(anonymous_4)","decl":{"start":{"line":108,"column":27},"end":{"line":108,"column":36}},"loc":{"start":{"line":108,"column":38},"end":{"line":110,"column":3}}},"5":{"name":"(anonymous_5)","decl":{"start":{"line":111,"column":27},"end":{"line":111,"column":36}},"loc":{"start":{"line":111,"column":38},"end":{"line":113,"column":3}}},"6":{"name":"(anonymous_6)","decl":{"start":{"line":114,"column":22},"end":{"line":114,"column":31}},"loc":{"start":{"line":114,"column":33},"end":{"line":116,"column":3}}}},"branchMap":{"0":{"loc":{"start":{"line":18,"column":2},"end":{"line":18,"column":14}},"type":"default-arg","locations":[{"start":{"line":18,"column":13},"end":{"line":18,"column":14}}]},"1":{"loc":{"start":{"line":19,"column":2},"end":{"line":19,"column":29}},"type":"default-arg","locations":[{"start":{"line":19,"column":15},"end":{"line":19,"column":29}}]},"2":{"loc":{"start":{"line":20,"column":2},"end":{"line":20,"column":29}},"type":"default-arg","locations":[{"start":{"line":20,"column":26},"end":{"line":20,"column":29}}]},"3":{"loc":{"start":{"line":21,"column":2},"end":{"line":21,"column":16}},"type":"default-arg","locations":[{"start":{"line":21,"column":14},"end":{"line":21,"column":16}}]},"4":{"loc":{"start":{"line":22,"column":2},"end":{"line":22,"column":12}},"type":"default-arg","locations":[{"start":{"line":22,"column":10},"end":{"line":22,"column":12}}]},"5":{"loc":{"start":{"line":23,"column":2},"end":{"line":23,"column":22}},"type":"default-arg","locations":[{"start":{"line":23,"column":16},"end":{"line":23,"column":22}}]},"6":{"loc":{"start":{"line":33,"column":4},"end":{"line":35,"column":50}},"type":"binary-expr","locations":[{"start":{"line":33,"column":4},"end":{"line":33,"column":28}},{"start":{"line":34,"column":4},"end":{"line":34,"column":32}},{"start":{"line":35,"column":4},"end":{"line":35,"column":50}}]},"7":{"loc":{"start":{"line":39,"column":4},"end":{"line":39,"column":29}},"type":"if","locations":[{"start":{"line":39,"column":4},"end":{"line":39,"column":29}},{"start":{},"end":{}}]},"8":{"loc":{"start":{"line":66,"column":4},"end":{"line":66,"column":42}},"type":"if","locations":[{"start":{"line":66,"column":4},"end":{"line":66,"column":42}},{"start":{},"end":{}}]},"9":{"loc":{"start":{"line":66,"column":8},"end":{"line":66,"column":33}},"type":"binary-expr","locations":[{"start":{"line":66,"column":8},"end":{"line":66,"column":20}},{"start":{"line":66,"column":24},"end":{"line":66,"column":33}}]},"10":{"loc":{"start":{"line":71,"column":4},"end":{"line":71,"column":31}},"type":"if","locations":[{"start":{"line":71,"column":4},"end":{"line":71,"column":31}},{"start":{},"end":{}}]},"11":{"loc":{"start":{"line":74,"column":4},"end":{"line":76,"column":5}},"type":"if","locations":[{"start":{"line":74,"column":4},"end":{"line":76,"column":5}},{"start":{},"end":{}}]},"12":{"loc":{"start":{"line":93,"column":31},"end":{"line":93,"column":58}},"type":"cond-expr","locations":[{"start":{"line":93,"column":42},"end":{"line":93,"column":49}},{"start":{"line":93,"column":52},"end":{"line":93,"column":58}}]},"13":{"loc":{"start":{"line":94,"column":37},"end":{"line":94,"column":59}},"type":"cond-expr","locations":[{"start":{"line":94,"column":48},"end":{"line":94,"column":54}},{"start":{"line":94,"column":57},"end":{"line":94,"column":59}}]},"14":{"loc":{"start":{"line":109,"column":4},"end":{"line":109,"column":39}},"type":"if","locations":[{"start":{"line":109,"column":4},"end":{"line":109,"column":39}},{"start":{},"end":{}}]},"15":{"loc":{"start":{"line":112,"column":4},"end":{"line":112,"column":39}},"type":"if","locations":[{"start":{"line":112,"column":4},"end":{"line":112,"column":39}},{"start":{},"end":{}}]},"16":{"loc":{"start":{"line":133,"column":20},"end":{"line":133,"column":65}},"type":"cond-expr","locations":[{"start":{"line":133,"column":37},"end":{"line":133,"column":53}},{"start":{"line":133,"column":56},"end":{"line":133,"column":65}}]},"17":{"loc":{"start":{"line":134,"column":20},"end":{"line":134,"column":65}},"type":"cond-expr","locations":[{"start":{"line":134,"column":37},"end":{"line":134,"column":53}},{"start":{"line":134,"column":56},"end":{"line":134,"column":65}}]},"18":{"loc":{"start":{"line":135,"column":15},"end":{"line":135,"column":54}},"type":"cond-expr","locations":[{"start":{"line":135,"column":31},"end":{"line":135,"column":42}},{"start":{"line":135,"column":45},"end":{"line":135,"column":54}}]}},"s":{"0":0,"1":0,"2":0,"3":0,"4":0,"5":0,"6":0,"7":0,"8":0,"9":0,"10":0,"11":0,"12":0,"13":0,"14":0,"15":0,"16":0,"17":0,"18":0,"19":0,"20":0,"21":0,"22":0,"23":0,"24":0,"25":0,"26":0,"27":0,"28":0,"29":0,"30":0,"31":0,"32":0,"33":0,"34":0,"35":0,"36":0,"37":0,"38":0,"39":0,"40":0,"41":0,"42":0,"43":0,"44":0,"45":0,"46":0,"47":0,"48":0,"49":0,"50":0,"51":0,"52":0,"53":0,"54":0,"55":0,"56":0,"57":0},"f":{"0":0,"1":0,"2":0,"3":0,"4":0,"5":0,"6":0},"b":{"0":[0],"1":[0],"2":[0],"3":[0],"4":[0],"5":[0],"6":[0,0,0],"7":[0,0],"8":[0,0],"9":[0,0],"10":[0,0],"11":[0,0],"12":[0,0],"13":[0,0],"14":[0,0],"15":[0,0],"16":[0,0],"17":[0,0],"18":[0,0]}}
,"D:\\Alif\\portfolio-alif-andarta\\src\\components\\animation\\SplashCursor.tsx": {"path":"D:\\Alif\\portfolio-alif-andarta\\src\\components\\animation\\SplashCursor.tsx","statementMap":{"0":{"start":{"line":55,"column":0},"end":{"line":55,"column":24}},"1":{"start":{"line":2,"column":0},"end":{"line":2,"column":42}},"2":{"start":{"line":41,"column":2},"end":{"line":52,"column":4}},"3":{"start":{"line":71,"column":20},"end":{"line":71,"column":51}},"4":{"start":{"line":73,"column":2},"end":{"line":1510,"column":5}},"5":{"start":{"line":74,"column":19},"end":{"line":74,"column":36}},"6":{"start":{"line":75,"column":4},"end":{"line":75,"column":24}},"7":{"start":{"line":75,"column":17},"end":{"line":75,"column":24}},"8":{"start":{"line":77,"column":32},"end":{"line":77,"column":52}},"9":{"start":{"line":79,"column":19},"end":{"line":95,"column":6}},"10":{"start":{"line":97,"column":24},"end":{"line":97,"column":47}},"11":{"start":{"line":98,"column":4},"end":{"line":98,"column":28}},"12":{"start":{"line":98,"column":21},"end":{"line":98,"column":28}},"13":{"start":{"line":100,"column":4},"end":{"line":103,"column":5}},"14":{"start":{"line":101,"column":6},"end":{"line":101,"column":34}},"15":{"start":{"line":102,"column":6},"end":{"line":102,"column":29}},"16":{"start":{"line":106,"column":21},"end":{"line":112,"column":8}},"17":{"start":{"line":114,"column":15},"end":{"line":116,"column":null}},"18":{"start":{"line":119,"column":6},"end":{"line":125,"column":7}},"19":{"start":{"line":120,"column":8},"end":{"line":124,"column":46}},"20":{"start":{"line":127,"column":6},"end":{"line":129,"column":7}},"21":{"start":{"line":128,"column":8},"end":{"line":128,"column":55}},"22":{"start":{"line":131,"column":23},"end":{"line":131,"column":42}},"23":{"start":{"line":133,"column":35},"end":{"line":133,"column":40}},"24":{"start":{"line":134,"column":22},"end":{"line":134,"column":26}},"25":{"start":{"line":136,"column":6},"end":{"line":146,"column":7}},"26":{"start":{"line":137,"column":9},"end":{"line":137,"column":78}},"27":{"start":{"line":138,"column":8},"end":{"line":140,"column":10}},"28":{"start":{"line":142,"column":8},"end":{"line":142,"column":62}},"29":{"start":{"line":143,"column":8},"end":{"line":145,"column":10}},"30":{"start":{"line":148,"column":6},"end":{"line":148,"column":32}},"31":{"start":{"line":150,"column":31},"end":{"line":152,"column":63}},"32":{"start":{"line":158,"column":6},"end":{"line":181,"column":7}},"33":{"start":{"line":159,"column":8},"end":{"line":164,"column":10}},"34":{"start":{"line":165,"column":8},"end":{"line":170,"column":10}},"35":{"start":{"line":171,"column":8},"end":{"line":176,"column":10}},"36":{"start":{"line":178,"column":8},"end":{"line":178,"column":80}},"37":{"start":{"line":179,"column":8},"end":{"line":179,"column":78}},"38":{"start":{"line":180,"column":8},"end":{"line":180,"column":77}},"39":{"start":{"line":183,"column":6},"end":{"line":192,"column":8}},"40":{"start":{"line":201,"column":6},"end":{"line":214,"column":7}},"41":{"start":{"line":202,"column":8},"end":{"line":212,"column":9}},"42":{"start":{"line":203,"column":22},"end":{"line":203,"column":50}},"43":{"start":{"line":204,"column":10},"end":{"line":211,"column":11}},"44":{"start":{"line":206,"column":14},"end":{"line":206,"column":70}},"45":{"start":{"line":208,"column":14},"end":{"line":208,"column":74}},"46":{"start":{"line":210,"column":14},"end":{"line":210,"column":26}},"47":{"start":{"line":213,"column":8},"end":{"line":213,"column":20}},"48":{"start":{"line":215,"column":6},"end":{"line":215,"column":40}},"49":{"start":{"line":224,"column":22},"end":{"line":224,"column":40}},"50":{"start":{"line":225,"column":6},"end":{"line":225,"column":33}},"51":{"start":{"line":225,"column":20},"end":{"line":225,"column":33}},"52":{"start":{"line":227,"column":6},"end":{"line":227,"column":45}},"53":{"start":{"line":228,"column":6},"end":{"line":228,"column":73}},"54":{"start":{"line":229,"column":6},"end":{"line":229,"column":73}},"55":{"start":{"line":230,"column":6},"end":{"line":230,"column":75}},"56":{"start":{"line":231,"column":6},"end":{"line":231,"column":75}},"57":{"start":{"line":232,"column":6},"end":{"line":242,"column":8}},"58":{"start":{"line":244,"column":18},"end":{"line":244,"column":40}},"59":{"start":{"line":245,"column":6},"end":{"line":245,"column":29}},"60":{"start":{"line":245,"column":16},"end":{"line":245,"column":29}},"61":{"start":{"line":247,"column":6},"end":{"line":247,"column":46}},"62":{"start":{"line":248,"column":6},"end":{"line":254,"column":8}},"63":{"start":{"line":255,"column":21},"end":{"line":255,"column":62}},"64":{"start":{"line":256,"column":6},"end":{"line":256,"column":48}},"65":{"start":{"line":260,"column":6},"end":{"line":260,"column":30}},"66":{"start":{"line":260,"column":21},"end":{"line":260,"column":30}},"67":{"start":{"line":261,"column":17},"end":{"line":261,"column":18}},"68":{"start":{"line":262,"column":6},"end":{"line":265,"column":7}},"69":{"start":{"line":262,"column":19},"end":{"line":262,"column":20}},"70":{"start":{"line":263,"column":8},"end":{"line":263,"column":52}},"71":{"start":{"line":264,"column":8},"end":{"line":264,"column":18}},"72":{"start":{"line":266,"column":6},"end":{"line":266,"column":18}},"73":{"start":{"line":270,"column":6},"end":{"line":270,"column":35}},"74":{"start":{"line":270,"column":21},"end":{"line":270,"column":35}},"75":{"start":{"line":271,"column":27},"end":{"line":271,"column":29}},"76":{"start":{"line":272,"column":6},"end":{"line":274,"column":7}},"77":{"start":{"line":273,"column":8},"end":{"line":273,"column":49}},"78":{"start":{"line":275,"column":6},"end":{"line":275,"column":37}},"79":{"start":{"line":283,"column":27},"end":{"line":283,"column":56}},"80":{"start":{"line":284,"column":21},"end":{"line":284,"column":42}},"81":{"start":{"line":285,"column":6},"end":{"line":285,"column":31}},"82":{"start":{"line":285,"column":19},"end":{"line":285,"column":31}},"83":{"start":{"line":286,"column":6},"end":{"line":286,"column":44}},"84":{"start":{"line":287,"column":6},"end":{"line":287,"column":31}},"85":{"start":{"line":288,"column":6},"end":{"line":290,"column":7}},"86":{"start":{"line":289,"column":8},"end":{"line":289,"column":51}},"87":{"start":{"line":291,"column":6},"end":{"line":291,"column":20}},"88":{"start":{"line":298,"column":6},"end":{"line":298,"column":56}},"89":{"start":{"line":298,"column":44},"end":{"line":298,"column":56}},"90":{"start":{"line":299,"column":22},"end":{"line":299,"column":40}},"91":{"start":{"line":300,"column":6},"end":{"line":300,"column":32}},"92":{"start":{"line":300,"column":20},"end":{"line":300,"column":32}},"93":{"start":{"line":301,"column":6},"end":{"line":301,"column":45}},"94":{"start":{"line":302,"column":6},"end":{"line":302,"column":47}},"95":{"start":{"line":303,"column":6},"end":{"line":303,"column":30}},"96":{"start":{"line":304,"column":6},"end":{"line":306,"column":7}},"97":{"start":{"line":305,"column":8},"end":{"line":305,"column":53}},"98":{"start":{"line":307,"column":6},"end":{"line":307,"column":21}},"99":{"start":{"line":311,"column":68},"end":{"line":311,"column":70}},"100":{"start":{"line":312,"column":27},"end":{"line":312,"column":78}},"101":{"start":{"line":313,"column":6},"end":{"line":321,"column":7}},"102":{"start":{"line":313,"column":19},"end":{"line":313,"column":20}},"103":{"start":{"line":314,"column":28},"end":{"line":314,"column":59}},"104":{"start":{"line":315,"column":8},"end":{"line":320,"column":9}},"105":{"start":{"line":316,"column":10},"end":{"line":319,"column":12}},"106":{"start":{"line":322,"column":6},"end":{"line":322,"column":22}},"107":{"start":{"line":333,"column":8},"end":{"line":333,"column":67}},"108":{"start":{"line":334,"column":8},"end":{"line":334,"column":70}},"109":{"start":{"line":338,"column":8},"end":{"line":338,"column":54}},"110":{"start":{"line":338,"column":26},"end":{"line":338,"column":54}},"111":{"start":{"line":353,"column":8},"e
[...]
,"D:\\Alif\\portfolio-alif-andarta\\src\\contexts\\useProfile.ts": {"path":"D:\\Alif\\portfolio-alif-andarta\\src\\contexts\\useProfile.ts","statementMap":{"0":{"start":{"line":4,"column":0},"end":{"line":4,"column":16}},"1":{"start":{"line":1,"column":0},"end":{"line":1,"column":35}},"2":{"start":{"line":2,"column":0},"end":{"line":2,"column":50}},"3":{"start":{"line":5,"column":2},"end":{"line":5,"column":36}}},"fnMap":{"0":{"name":"useProfile","decl":{"start":{"line":4,"column":16},"end":{"line":4,"column":26}},"loc":{"start":{"line":4,"column":26},"end":{"line":6,"column":1}}}},"branchMap":{},"s":{"0":0,"1":0,"2":0,"3":0},"f":{"0":0},"b":{}}
,"D:\\Alif\\portfolio-alif-andarta\\src\\hooks\\useScrollThreshold.ts": {"path":"D:\\Alif\\portfolio-alif-andarta\\src\\hooks\\useScrollThreshold.ts","statementMap":{"0":{"start":{"line":1,"column":0},"end":{"line":1,"column":44}},"1":{"start":{"line":3,"column":34},"end":{"line":18,"column":1}},"2":{"start":{"line":4,"column":48},"end":{"line":4,"column":63}},"3":{"start":{"line":6,"column":2},"end":{"line":15,"column":18}},"4":{"start":{"line":7,"column":18},"end":{"line":10,"column":5}},"5":{"start":{"line":8,"column":19},"end":{"line":8,"column":45}},"6":{"start":{"line":9,"column":6},"end":{"line":9,"column":66}},"7":{"start":{"line":9,"column":36},"end":{"line":9,"column":63}},"8":{"start":{"line":12,"column":4},"end":{"line":12,"column":12}},"9":{"start":{"line":13,"column":4},"end":{"line":13,"column":64}},"10":{"start":{"line":14,"column":4},"end":{"line":14,"column":61}},"11":{"start":{"line":14,"column":17},"end":{"line":14,"column":60}},"12":{"start":{"line":17,"column":2},"end":{"line":17,"column":25}},"13":{"start":{"line":3,"column":13},"end":{"line":3,"column":34}}},"fnMap":{"0":{"name":"(anonymous_0)","decl":{"start":{"line":3,"column":34},"end":{"line":3,"column":35}},"loc":{"start":{"line":3,"column":65},"end":{"line":18,"column":1}}},"1":{"name":"(anonymous_1)","decl":{"start":{"line":6,"column":12},"end":{"line":6,"column":15}},"loc":{"start":{"line":6,"column":17},"end":{"line":15,"column":3}}},"2":{"name":"(anonymous_2)","decl":{"start":{"line":7,"column":18},"end":{"line":7,"column":21}},"loc":{"start":{"line":7,"column":23},"end":{"line":10,"column":5}}},"3":{"name":"(anonymous_3)","decl":{"start":{"line":9,"column":25},"end":{"line":9,"column":26}},"loc":{"start":{"line":9,"column":36},"end":{"line":9,"column":63}}},"4":{"name":"(anonymous_4)","decl":{"start":{"line":14,"column":11},"end":{"line":14,"column":14}},"loc":{"start":{"line":14,"column":17},"end":{"line":14,"column":60}}}},"branchMap":{"0":{"loc":{"start":{"line":9,"column":36},"end":{"line":9,"column":63}},"type":"cond-expr","locations":[{"start":{"line":9,"column":52},"end":{"line":9,"column":56}},{"start":{"line":9,"column":59},"end":{"line":9,"column":63}}]}},"s":{"0":1,"1":1,"2":6,"3":6,"4":3,"5":4,"6":4,"7":4,"8":3,"9":3,"10":3,"11":3,"12":6,"13":1},"f":{"0":6,"1":3,"2":4,"3":4,"4":3},"b":{"0":[2,2]}}
,"D:\\Alif\\portfolio-alif-andarta\\src\\hooks\\useScrollspy.ts": {"path":"D:\\Alif\\portfolio-alif-andarta\\src\\hooks\\useScrollspy.ts","statementMap":{"0":{"start":{"line":1,"column":0},"end":{"line":1,"column":65}},"1":{"start":{"line":3,"column":28},"end":{"line":40,"column":1}},"2":{"start":{"line":4,"column":34},"end":{"line":4,"column":54}},"3":{"start":{"line":5,"column":21},"end":{"line":5,"column":48}},"4":{"start":{"line":7,"column":29},"end":{"line":18,"column":26}},"5":{"start":{"line":8,"column":4},"end":{"line":17,"column":5}},"6":{"start":{"line":8,"column":17},"end":{"line":8,"column":38}},"7":{"start":{"line":9,"column":22},"end":{"line":9,"column":60}},"8":{"start":{"line":10,"column":6},"end":{"line":16,"column":7}},"9":{"start":{"line":11,"column":21},"end":{"line":11,"column":52}},"10":{"start":{"line":12,"column":8},"end":{"line":15,"column":9}},"11":{"start":{"line":13,"column":10},"end":{"line":13,"column":37}},"12":{"start":{"line":14,"column":10},"end":{"line":14,"column":16}},"13":{"start":{"line":20,"column":2},"end":{"line":37,"column":27}},"14":{"start":{"line":21,"column":21},"end":{"line":26,"column":5}},"15":{"start":{"line":22,"column":6},"end":{"line":24,"column":7}},"16":{"start":{"line":23,"column":8},"end":{"line":23,"column":49}},"17":{"start":{"line":25,"column":6},"end":{"line":25,"column":69}},"18":{"start":{"line":28,"column":4},"end":{"line":28,"column":67}},"19":{"start":{"line":29,"column":4},"end":{"line":29,"column":25}},"20":{"start":{"line":31,"column":4},"end":{"line":36,"column":6}},"21":{"start":{"line":32,"column":6},"end":{"line":32,"column":53}},"22":{"start":{"line":33,"column":6},"end":{"line":35,"column":7}},"23":{"start":{"line":34,"column":8},"end":{"line":34,"column":49}},"24":{"start":{"line":39,"column":2},"end":{"line":39,"column":18}},"25":{"start":{"line":3,"column":13},"end":{"line":3,"column":28}}},"fnMap":{"0":{"name":"(anonymous_0)","decl":{"start":{"line":3,"column":28},"end":{"line":3,"column":29}},"loc":{"start":{"line":3,"column":67},"end":{"line":40,"column":1}}},"1":{"name":"(anonymous_1)","decl":{"start":{"line":7,"column":41},"end":{"line":7,"column":44}},"loc":{"start":{"line":7,"column":46},"end":{"line":18,"column":3}}},"2":{"name":"(anonymous_2)","decl":{"start":{"line":20,"column":12},"end":{"line":20,"column":15}},"loc":{"start":{"line":20,"column":17},"end":{"line":37,"column":3}}},"3":{"name":"(anonymous_3)","decl":{"start":{"line":21,"column":21},"end":{"line":21,"column":24}},"loc":{"start":{"line":21,"column":26},"end":{"line":26,"column":5}}},"4":{"name":"(anonymous_4)","decl":{"start":{"line":31,"column":11},"end":{"line":31,"column":14}},"loc":{"start":{"line":31,"column":16},"end":{"line":36,"column":5}}}},"branchMap":{"0":{"loc":{"start":{"line":3,"column":51},"end":{"line":3,"column":63}},"type":"default-arg","locations":[{"start":{"line":3,"column":60},"end":{"line":3,"column":63}}]},"1":{"loc":{"start":{"line":10,"column":6},"end":{"line":16,"column":7}},"type":"if","locations":[{"start":{"line":10,"column":6},"end":{"line":16,"column":7}},{"start":{},"end":{}}]},"2":{"loc":{"start":{"line":12,"column":8},"end":{"line":15,"column":9}},"type":"if","locations":[{"start":{"line":12,"column":8},"end":{"line":15,"column":9}},{"start":{},"end":{}}]},"3":{"loc":{"start":{"line":22,"column":6},"end":{"line":24,"column":7}},"type":"if","locations":[{"start":{"line":22,"column":6},"end":{"line":24,"column":7}},{"start":{},"end":{}}]},"4":{"loc":{"start":{"line":33,"column":6},"end":{"line":35,"column":7}},"type":"if","locations":[{"start":{"line":33,"column":6},"end":{"line":35,"column":7}},{"start":{},"end":{}}]}},"s":{"0":1,"1":1,"2":10,"3":10,"4":10,"5":8,"6":8,"7":12,"8":12,"9":4,"10":4,"11":4,"12":4,"13":10,"14":8,"15":3,"16":0,"17":3,"18":8,"19":8,"20":8,"21":8,"22":8,"23":3,"24":10,"25":1},"f":{"0":10,"1":8,"2":8,"3":3,"4":8},"b":{"0":[4],"1":[4,8],"2":[4,0],"3":[0,3],"4":[3,5]}}
,"D:\\Alif\\portfolio-alif-andarta\\src\\hooks\\useTheme.ts": {"path":"D:\\Alif\\portfolio-alif-andarta\\src\\hooks\\useTheme.ts","statementMap":{"0":{"start":{"line":1,"column":0},"end":{"line":1,"column":35}},"1":{"start":{"line":2,"column":0},"end":{"line":2,"column":56}},"2":{"start":{"line":4,"column":24},"end":{"line":10,"column":1}},"3":{"start":{"line":5,"column":18},"end":{"line":5,"column":42}},"4":{"start":{"line":6,"column":2},"end":{"line":8,"column":3}},"5":{"start":{"line":7,"column":4},"end":{"line":7,"column":68}},"6":{"start":{"line":9,"column":2},"end":{"line":9,"column":17}},"7":{"start":{"line":4,"column":13},"end":{"line":4,"column":24}}},"fnMap":{"0":{"name":"(anonymous_0)","decl":{"start":{"line":4,"column":24},"end":{"line":4,"column":27}},"loc":{"start":{"line":4,"column":29},"end":{"line":10,"column":1}}}},"branchMap":{"0":{"loc":{"start":{"line":6,"column":2},"end":{"line":8,"column":3}},"type":"if","locations":[{"start":{"line":6,"column":2},"end":{"line":8,"column":3}},{"start":{},"end":{}}]}},"s":{"0":3,"1":3,"2":3,"3":22,"4":22,"5":4,"6":18,"7":3},"f":{"0":22},"b":{"0":[4,18]}}
,"D:\\Alif\\portfolio-alif-andarta\\src\\hooks\\useThrottledScroll.ts": {"path":"D:\\Alif\\portfolio-alif-andarta\\src\\hooks\\useThrottledScroll.ts","statementMap":{"0":{"start":{"line":1,"column":0},"end":{"line":1,"column":55}},"1":{"start":{"line":3,"column":34},"end":{"line":32,"column":1}},"2":{"start":{"line":4,"column":21},"end":{"line":4,"column":48}},"3":{"start":{"line":5,"column":22},"end":{"line":5,"column":31}},"4":{"start":{"line":7,"column":28},"end":{"line":13,"column":16}},"5":{"start":{"line":8,"column":27},"end":{"line":8,"column":41}},"6":{"start":{"line":9,"column":4},"end":{"line":12,"column":5}},"7":{"start":{"line":10,"column":6},"end":{"line":10,"column":31}},"8":{"start":{"line":11,"column":6},"end":{"line":11,"column":43}},"9":{"start":{"line":15,"column":2},"end":{"line":31,"column":26}},"10":{"start":{"line":16,"column":25},"end":{"line":21,"column":5}},"11":{"start":{"line":17,"column":6},"end":{"line":19,"column":7}},"12":{"start":{"line":18,"column":8},"end":{"line":18,"column":49}},"13":{"start":{"line":20,"column":6},"end":{"line":20,"column":68}},"14":{"start":{"line":23,"column":4},"end":{"line":23,"column":71}},"15":{"start":{"line":25,"column":4},"end":{"line":30,"column":6}},"16":{"start":{"line":26,"column":6},"end":{"line":26,"column":57}},"17":{"start":{"line":27,"column":6},"end":{"line":29,"column":7}},"18":{"start":{"line":28,"column":8},"end":{"line":28,"column":49}},"19":{"start":{"line":3,"column":13},"end":{"line":3,"column":34}},"20":{"start":{"line":34,"column":28},"end":{"line":49,"column":1}},"21":{"start":{"line":38,"column":21},"end":{"line":38,"column":45}},"22":{"start":{"line":40,"column":2},"end":{"line":48,"column":4}},"23":{"start":{"line":42,"column":6},"end":{"line":44,"column":7}},"24":{"start":{"line":43,"column":8},"end":{"line":43,"column":41}},"25":{"start":{"line":45,"column":6},"end":{"line":45,"column":70}},"26":{"start":{"line":45,"column":44},"end":{"line":45,"column":61}},"27":{"start":{"line":34,"column":13},"end":{"line":34,"column":28}}},"fnMap":{"0":{"name":"(anonymous_0)","decl":{"start":{"line":3,"column":34},"end":{"line":3,"column":35}},"loc":{"start":{"line":3,"column":86},"end":{"line":32,"column":1}}},"1":{"name":"(anonymous_1)","decl":{"start":{"line":7,"column":40},"end":{"line":7,"column":43}},"loc":{"start":{"line":7,"column":45},"end":{"line":13,"column":3}}},"2":{"name":"(anonymous_2)","decl":{"start":{"line":15,"column":12},"end":{"line":15,"column":15}},"loc":{"start":{"line":15,"column":17},"end":{"line":31,"column":3}}},"3":{"name":"(anonymous_3)","decl":{"start":{"line":16,"column":25},"end":{"line":16,"column":28}},"loc":{"start":{"line":16,"column":30},"end":{"line":21,"column":5}}},"4":{"name":"(anonymous_4)","decl":{"start":{"line":25,"column":11},"end":{"line":25,"column":14}},"loc":{"start":{"line":25,"column":16},"end":{"line":30,"column":5}}},"5":{"name":"(anonymous_5)","decl":{"start":{"line":34,"column":28},"end":{"line":34,"column":null}},"loc":{"start":{"line":37,"column":7},"end":{"line":49,"column":1}}},"6":{"name":"(anonymous_6)","decl":{"start":{"line":41,"column":5},"end":{"line":41,"column":6}},"loc":{"start":{"line":41,"column":32},"end":{"line":46,"column":5}}},"7":{"name":"(anonymous_7)","decl":{"start":{"line":45,"column":38},"end":{"line":45,"column":41}},"loc":{"start":{"line":45,"column":44},"end":{"line":45,"column":61}}}},"branchMap":{"0":{"loc":{"start":{"line":3,"column":72},"end":{"line":3,"column":82}},"type":"default-arg","locations":[{"start":{"line":3,"column":80},"end":{"line":3,"column":82}}]},"1":{"loc":{"start":{"line":9,"column":4},"end":{"line":12,"column":5}},"type":"if","locations":[{"start":{"line":9,"column":4},"end":{"line":12,"column":5}},{"start":{},"end":{}}]},"2":{"loc":{"start":{"line":17,"column":6},"end":{"line":19,"column":7}},"type":"if","locations":[{"start":{"line":17,"column":6},"end":{"line":19,"column":7}},{"start":{},"end":{}}]},"3":{"loc":{"start":{"line":27,"column":6},"end":{"line":29,"column":7}},"type":"if","locations":[{"start":{"line":27,"column":6},"end":{"line":29,"column":7}},{"start":{},"end":{}}]},"4":{"loc":{"start":{"line":42,"column":6},"end":{"line":44,"column":7}},"type":"if","locations":[{"start":{"line":42,"column":6},"end":{"line":44,"column":7}},{"start":{},"end":{}}]}},"s":{"0":0,"1":0,"2":0,"3":0,"4":0,"5":0,"6":0,"7":0,"8":0,"9":0,"10":0,"11":0,"12":0,"13":0,"14":0,"15":0,"16":0,"17":0,"18":0,"19":0,"20":0,"21":0,"22":0,"23":0,"24":0,"25":0,"26":0,"27":0},"f":{"0":0,"1":0,"2":0,"3":0,"4":0,"5":0,"6":0,"7":0},"b":{"0":[0],"1":[0,0],"2":[0,0],"3":[0,0],"4":[0,0]}}
,"D:\\Alif\\portfolio-alif-andarta\\src\\lib\\portfolioData.ts": {"path":"D:\\Alif\\portfolio-alif-andarta\\src\\lib\\portfolioData.ts","statementMap":{"0":{"start":{"line":10,"column":13},"end":{"line":27,"column":2}},"1":{"start":{"line":29,"column":13},"end":{"line":121,"column":2}},"2":{"start":{"line":123,"column":13},"end":{"line":147,"column":2}},"3":{"start":{"line":149,"column":13},"end":{"line":162,"column":2}},"4":{"start":{"line":164,"column":13},"end":{"line":184,"column":2}},"5":{"start":{"line":186,"column":13},"end":{"line":223,"column":2}}},"fnMap":{},"branchMap":{},"s":{"0":0,"1":0,"2":0,"3":0,"4":0,"5":0},"f":{},"b":{}}
,"D:\\Alif\\portfolio-alif-andarta\\src\\lib\\supabase.ts": {"path":"D:\\Alif\\portfolio-alif-andarta\\src\\lib\\supabase.ts","statementMap":{"0":{"start":{"line":2,"column":0},"end":{"line":2,"column":null}},"1":{"start":{"line":11,"column":33},"end":{"line":11,"column":35}},"2":{"start":{"line":13,"column":28},"end":{"line":15,"column":null}},"3":{"start":{"line":14,"column":2},"end":{"line":15,"column":null}},"4":{"start":{"line":15,"column":14},"end":{"line":15,"column":81}},"5":{"start":{"line":18,"column":28},"end":{"line":20,"column":null}},"6":{"start":{"line":19,"column":2},"end":{"line":20,"column":null}},"7":{"start":{"line":20,"column":14},"end":{"line":20,"column":81}},"8":{"start":{"line":23,"column":23},"end":{"line":24,"column":84}},"9":{"start":{"line":24,"column":2},"end":{"line":24,"column":84}},"10":{"start":{"line":24,"column":28},"end":{"line":24,"column":83}},"11":{"start":{"line":26,"column":30},"end":{"line":27,"column":58}},"12":{"start":{"line":27,"column":2},"end":{"line":27,"column":58}},"13":{"start":{"line":27,"column":28},"end":{"line":27,"column":57}},"14":{"start":{"line":29,"column":13},"end":{"line":65,"column":2}},"15":{"start":{"line":31,"column":4},"end":{"line":31,"column":46}},"16":{"start":{"line":35,"column":4},"end":{"line":35,"column":84}},"17":{"start":{"line":35,"column":59},"end":{"line":35,"column":69}},"18":{"start":{"line":39,"column":4},"end":{"line":39,"column":48}},"19":{"start":{"line":43,"column":4},"end":{"line":43,"column":47}},"20":{"start":{"line":47,"column":4},"end":{"line":47,"column":46}},"21":{"start":{"line":51,"column":4},"end":{"line":51,"column":43}},"22":{"start":{"line":55,"column":4},"end":{"line":59,"column":7}},"23":{"start":{"line":63,"column":4},"end":{"line":63,"column":29}}},"fnMap":{"0":{"name":"(anonymous_7)","decl":{"start":{"line":13,"column":28},"end":{"line":13,"column":63}},"loc":{"start":{"line":14,"column":2},"end":{"line":15,"column":null}}},"1":{"name":"(anonymous_8)","decl":{"start":{"line":15,"column":4},"end":{"line":15,"column":5}},"loc":{"start":{"line":15,"column":14},"end":{"line":15,"column":81}}},"2":{"name":"(anonymous_9)","decl":{"start":{"line":18,"column":28},"end":{"line":18,"column":63}},"loc":{"start":{"line":19,"column":2},"end":{"line":20,"column":null}}},"3":{"name":"(anonymous_10)","decl":{"start":{"line":20,"column":4},"end":{"line":20,"column":5}},"loc":{"start":{"line":20,"column":14},"end":{"line":20,"column":81}}},"4":{"name":"(anonymous_11)","decl":{"start":{"line":23,"column":23},"end":{"line":23,"column":52}},"loc":{"start":{"line":24,"column":2},"end":{"line":24,"column":84}}},"5":{"name":"(anonymous_12)","decl":{"start":{"line":24,"column":18},"end":{"line":24,"column":19}},"loc":{"start":{"line":24,"column":28},"end":{"line":24,"column":83}}},"6":{"name":"(anonymous_13)","decl":{"start":{"line":26,"column":30},"end":{"line":26,"column":31}},"loc":{"start":{"line":27,"column":2},"end":{"line":27,"column":58}}},"7":{"name":"(anonymous_14)","decl":{"start":{"line":27,"column":18},"end":{"line":27,"column":19}},"loc":{"start":{"line":27,"column":28},"end":{"line":27,"column":57}}},"8":{"name":"(anonymous_15)","decl":{"start":{"line":30,"column":8},"end":{"line":30,"column":19}},"loc":{"start":{"line":30,"column":19},"end":{"line":32,"column":null}}},"9":{"name":"(anonymous_17)","decl":{"start":{"line":34,"column":8},"end":{"line":34,"column":27}},"loc":{"start":{"line":34,"column":27},"end":{"line":36,"column":null}}},"10":{"name":"(anonymous_19)","decl":{"start":{"line":35,"column":52},"end":{"line":35,"column":53}},"loc":{"start":{"line":35,"column":59},"end":{"line":35,"column":69}}},"11":{"name":"(anonymous_20)","decl":{"start":{"line":38,"column":8},"end":{"line":38,"column":21}},"loc":{"start":{"line":38,"column":21},"end":{"line":40,"column":null}}},"12":{"name":"(anonymous_22)","decl":{"start":{"line":42,"column":8},"end":{"line":42,"column":20}},"loc":{"start":{"line":42,"column":20},"end":{"line":44,"column":null}}},"13":{"name":"(anonymous_24)","decl":{"start":{"line":46,"column":8},"end":{"line":46,"column":17}},"loc":{"start":{"line":46,"column":17},"end":{"line":48,"column":null}}},"14":{"name":"(anonymous_26)","decl":{"start":{"line":50,"column":8},"end":{"line":50,"column":21}},"loc":{"start":{"line":50,"column":21},"end":{"line":52,"column":null}}},"15":{"name":"(anonymous_28)","decl":{"start":{"line":54,"column":8},"end":{"line":54,"column":21}},"loc":{"start":{"line":54,"column":65},"end":{"line":60,"column":null}}},"16":{"name":"(anonymous_30)","decl":{"start":{"line":62,"column":8},"end":{"line":62,"column":18}},"loc":{"start":{"line":62,"column":18},"end":{"line":64,"column":null}}}},"branchMap":{},"s":{"0":0,"1":0,"2":0,"3":0,"4":0,"5":0,"6":0,"7":0,"8":0,"9":0,"10":0,"11":0,"12":0,"13":0,"14":0,"15":0,"16":0,"17":0,"18":0,"19":0,"20":0,"21":0,"22":0,"23":0},"f":{"0":0,"1":0,"2":0,"3":0,"4":0,"5":0,"6":0,"7":0,"8":0,"9":0,"10":0,"11":0,"12":0,"13":0,"14":0,"15":0,"16":0},"b":{}}
}
