TN:
SF:src\App.tsx
FN:9,(anonymous_7)
FN:9,(anonymous_8)
FN:10,(anonymous_9)
FN:10,(anonymous_10)
FN:11,(anonymous_11)
FN:11,(anonymous_12)
FN:12,(anonymous_13)
FN:12,(anonymous_14)
FN:13,(anonymous_15)
FN:13,(anonymous_16)
FN:14,(anonymous_17)
FN:14,(anonymous_18)
FN:15,(anonymous_19)
FN:15,(anonymous_20)
FN:16,(anonymous_21)
FN:16,(anonymous_22)
FN:18,(anonymous_23)
FN:24,App
FNF:18
FNH:0
FNDA:0,(anonymous_7)
FNDA:0,(anonymous_8)
FNDA:0,(anonymous_9)
FNDA:0,(anonymous_10)
FNDA:0,(anonymous_11)
FNDA:0,(anonymous_12)
FNDA:0,(anonymous_13)
FNDA:0,(anonymous_14)
FNDA:0,(anonymous_15)
FNDA:0,(anonymous_16)
FNDA:0,(anonymous_17)
FNDA:0,(anonymous_18)
FNDA:0,(anonymous_19)
FNDA:0,(anonymous_20)
FNDA:0,(anonymous_21)
FNDA:0,(anonymous_22)
FNDA:0,(anonymous_23)
FNDA:0,App
DA:1,0
DA:2,0
DA:3,0
DA:4,0
DA:5,0
DA:6,0
DA:7,0
DA:9,0
DA:10,0
DA:11,0
DA:12,0
DA:13,0
DA:14,0
DA:15,0
DA:16,0
DA:18,0
DA:19,0
DA:25,0
DA:54,0
LF:19
LH:0
BRF:0
BRH:0
end_of_record
TN:
SF:src\components\About.tsx
FN:7,(anonymous_1)
FN:136,(anonymous_2)
FN:149,(anonymous_3)
FNF:3
FNH:0
FNDA:0,(anonymous_1)
FNDA:0,(anonymous_2)
FNDA:0,(anonymous_3)
DA:2,0
DA:3,0
DA:4,0
DA:5,0
DA:7,0
DA:8,0
DA:35,0
DA:137,0
DA:150,0
DA:171,0
LF:10
LH:0
BRF:0
BRH:0
end_of_record
TN:
SF:src\components\Activities.tsx
FN:19,(anonymous_7)
FN:23,(anonymous_8)
FN:24,(anonymous_9)
FN:24,(anonymous_10)
FN:95,(anonymous_11)
FN:110,(anonymous_12)
FN:125,(anonymous_13)
FN:233,(anonymous_14)
FN:319,(anonymous_15)
FNF:9
FNH:0
FNDA:0,(anonymous_7)
FNDA:0,(anonymous_8)
FNDA:0,(anonymous_9)
FNDA:0,(anonymous_10)
FNDA:0,(anonymous_11)
FNDA:0,(anonymous_12)
FNDA:0,(anonymous_13)
FNDA:0,(anonymous_14)
FNDA:0,(anonymous_15)
DA:1,0
DA:2,0
DA:3,0
DA:11,0
DA:14,0
DA:17,0
DA:19,0
DA:20,0
DA:21,0
DA:23,0
DA:24,0
DA:25,0
DA:26,0
DA:27,0
DA:29,0
DA:31,0
DA:88,0
DA:92,0
DA:95,0
DA:96,0
DA:98,0
DA:100,0
DA:102,0
DA:104,0
DA:106,0
DA:110,0
DA:111,0
DA:113,0
DA:115,0
DA:117,0
DA:119,0
DA:121,0
DA:125,0
DA:126,0
DA:127,0
DA:133,0
DA:134,0
DA:145,0
DA:234,0
DA:320,0
DA:321,0
DA:333,0
LF:42
LH:0
BRDA:96,0,0,0
BRDA:96,0,1,0
BRDA:96,0,2,0
BRDA:96,0,3,0
BRDA:96,0,4,0
BRDA:111,1,0,0
BRDA:111,1,1,0
BRDA:111,1,2,0
BRDA:111,1,3,0
BRDA:111,1,4,0
BRDA:133,2,0,0
BRDA:133,2,1,0
BRDA:223,3,0,0
BRDA:223,3,1,0
BRDA:321,4,0,0
BRDA:321,4,1,0
BRF:16
BRH:0
end_of_record
TN:
SF:src\components\Contact.tsx
FN:27,(anonymous_7)
FN:41,(anonymous_8)
FN:41,(anonymous_9)
FN:158,(anonymous_10)
FN:191,(anonymous_11)
FNF:5
FNH:0
FNDA:0,(anonymous_7)
FNDA:0,(anonymous_8)
FNDA:0,(anonymous_9)
FNDA:0,(anonymous_10)
FNDA:0,(anonymous_11)
DA:1,0
DA:2,0
DA:3,0
DA:4,0
DA:17,0
DA:18,0
DA:27,0
DA:28,0
DA:29,0
DA:30,0
DA:39,0
DA:41,0
DA:42,0
DA:43,0
DA:45,0
DA:46,0
DA:47,0
DA:48,0
DA:50,0
DA:51,0
DA:53,0
DA:57,0
DA:78,0
DA:111,0
DA:112,0
DA:114,0
DA:115,0
DA:122,0
DA:159,0
DA:192,0
DA:354,0
LF:31
LH:0
BRDA:61,0,0,0
BRDA:61,0,1,0
BRDA:61,1,0,0
BRDA:61,1,1,0
BRDA:62,2,0,0
BRDA:62,2,1,0
BRDA:62,3,0,0
BRDA:62,3,1,0
BRDA:68,4,0,0
BRDA:68,4,1,0
BRDA:68,5,0,0
BRDA:68,5,1,0
BRDA:74,6,0,0
BRDA:74,6,1,0
BRDA:74,7,0,0
BRDA:74,7,1,0
BRDA:82,8,0,0
BRDA:82,8,1,0
BRDA:82,9,0,0
BRDA:82,9,1,0
BRDA:88,10,0,0
BRDA:88,10,1,0
BRDA:88,11,0,0
BRDA:88,11,1,0
BRDA:94,12,0,0
BRDA:94,12,1,0
BRDA:94,13,0,0
BRDA:94,13,1,0
BRDA:100,14,0,0
BRDA:100,14,1,0
BRDA:100,15,0,0
BRDA:100,15,1,0
BRDA:106,16,0,0
BRDA:106,16,1,0
BRDA:106,17,0,0
BRDA:106,17,1,0
BRDA:111,18,0,0
BRDA:111,18,1,0
BRDA:114,19,0,0
BRDA:114,19,1,0
BRDA:162,20,0,0
BRDA:162,20,1,0
BRDA:164,21,0,0
BRDA:164,21,1,0
BRDA:229,22,0,0
BRDA:229,22,1,0
BRDA:257,23,0,0
BRDA:257,23,1,0
BRDA:279,24,0,0
BRDA:279,24,1,0
BRDA:301,25,0,0
BRDA:301,25,1,0
BRDA:314,26,0,0
BRDA:314,26,1,0
BRDA:328,27,0,0
BRDA:328,27,1,0
BRDA:337,28,0,0
BRDA:337,28,1,0
BRF:58
BRH:0
end_of_record
TN:
SF:src\components\Education.tsx
FN:7,(anonymous_7)
FN:11,(anonymous_8)
FN:12,(anonymous_9)
FN:12,(anonymous_10)
FN:53,(anonymous_11)
FN:102,(anonymous_12)
FNF:6
FNH:0
FNDA:0,(anonymous_7)
FNDA:0,(anonymous_8)
FNDA:0,(anonymous_9)
FNDA:0,(anonymous_10)
FNDA:0,(anonymous_11)
FNDA:0,(anonymous_12)
DA:1,0
DA:2,0
DA:3,0
DA:4,0
DA:7,0
DA:8,0
DA:9,0
DA:11,0
DA:12,0
DA:13,0
DA:14,0
DA:15,0
DA:17,0
DA:19,0
DA:46,0
DA:50,0
DA:53,0
DA:54,0
DA:55,0
DA:61,0
DA:62,0
DA:73,0
DA:103,0
DA:195,0
LF:24
LH:0
BRDA:61,0,0,0
BRDA:61,0,1,0
BRDA:92,1,0,0
BRDA:92,1,1,0
BRDA:129,2,0,0
BRDA:129,2,1,0
BRDA:132,3,0,0
BRDA:132,3,1,0
BRDA:140,4,0,0
BRDA:140,4,1,0
BRF:10
BRH:0
end_of_record
TN:
SF:src\components\Experience.tsx
FN:7,(anonymous_7)
FN:11,(anonymous_8)
FN:12,(anonymous_9)
FN:12,(anonymous_10)
FN:65,(anonymous_11)
FN:134,(anonymous_12)
FN:184,(anonymous_13)
FNF:7
FNH:0
FNDA:0,(anonymous_7)
FNDA:0,(anonymous_8)
FNDA:0,(anonymous_9)
FNDA:0,(anonymous_10)
FNDA:0,(anonymous_11)
FNDA:0,(anonymous_12)
FNDA:0,(anonymous_13)
DA:1,0
DA:2,0
DA:3,0
DA:4,0
DA:7,0
DA:8,0
DA:9,0
DA:11,0
DA:12,0
DA:13,0
DA:14,0
DA:15,0
DA:17,0
DA:19,0
DA:58,0
DA:62,0
DA:65,0
DA:66,0
DA:67,0
DA:73,0
DA:74,0
DA:85,0
DA:86,0
DA:110,0
DA:135,0
DA:185,0
DA:204,0
LF:27
LH:0
BRDA:73,0,0,0
BRDA:73,0,1,0
BRDA:85,1,0,0
BRDA:85,1,1,0
BRDA:138,2,0,0
BRDA:138,2,1,0
BRDA:147,3,0,0
BRDA:147,3,1,0
BRDA:170,4,0,0
BRDA:170,4,1,0
BRF:10
BRH:0
end_of_record
TN:
SF:src\components\FloatingActionButton.tsx
FN:33,(anonymous_0)
FN:37,(anonymous_1)
FN:48,(anonymous_2)
FN:59,(anonymous_3)
FN:72,(anonymous_4)
FN:75,(anonymous_5)
FNF:6
FNH:0
FNDA:0,(anonymous_0)
FNDA:0,(anonymous_1)
FNDA:0,(anonymous_2)
FNDA:0,(anonymous_3)
FNDA:0,(anonymous_4)
FNDA:0,(anonymous_5)
DA:1,0
DA:2,0
DA:3,0
DA:4,0
DA:22,0
DA:33,0
DA:34,0
DA:35,0
DA:37,0
DA:38,0
DA:39,0
DA:40,0
DA:44,0
DA:48,0
DA:49,0
DA:52,0
DA:54,0
DA:59,0
DA:73,0
DA:75,0
DA:124,0
LF:21
LH:0
BRDA:39,0,0,0
BRDA:39,0,1,0
BRDA:52,1,0,0
BRDA:52,1,1,0
BRDA:56,2,0,0
BRDA:56,2,1,0
BRDA:64,3,0,0
BRDA:64,3,1,0
BRDA:105,4,0,0
BRDA:105,4,1,0
BRDA:111,5,0,0
BRDA:111,5,1,0
BRDA:114,6,0,0
BRDA:114,6,1,0
BRF:14
BRH:0
end_of_record
TN:
SF:src\components\Footer.tsx
FN:6,(anonymous_0)
FN:8,(anonymous_1)
FN:84,(anonymous_2)
FN:88,(anonymous_3)
FNF:4
FNH:0
FNDA:0,(anonymous_0)
FNDA:0,(anonymous_1)
FNDA:0,(anonymous_2)
FNDA:0,(anonymous_3)
DA:2,0
DA:3,0
DA:4,0
DA:6,0
DA:7,0
DA:8,0
DA:9,0
DA:12,0
DA:14,0
DA:15,0
DA:17,0
DA:18,0
DA:25,0
DA:85,0
DA:89,0
DA:90,0
DA:93,0
DA:94,0
DA:155,0
LF:19
LH:0
BRDA:14,0,0,0
BRDA:14,0,1,0
BRDA:17,1,0,0
BRDA:17,1,1,0
BRDA:43,2,0,0
BRDA:43,2,1,0
BRDA:43,3,0,0
BRDA:43,3,1,0
BRDA:54,4,0,0
BRDA:54,4,1,0
BRDA:54,5,0,0
BRDA:54,5,1,0
BRDA:65,6,0,0
BRDA:65,6,1,0
BRDA:65,7,0,0
BRDA:65,7,1,0
BRDA:93,8,0,0
BRDA:93,8,1,0
BRDA:113,9,0,0
BRDA:113,9,1,0
BRDA:113,10,0,0
BRDA:113,10,1,0
BRDA:116,11,0,0
BRDA:116,11,1,0
BRDA:116,12,0,0
BRDA:116,12,1,0
BRDA:130,13,0,0
BRDA:130,13,1,0
BRDA:130,14,0,0
BRDA:130,14,1,0
BRF:30
BRH:0
end_of_record
TN:
SF:src\components\Header.tsx
FN:9,(anonymous_1)
FN:37,(anonymous_2)
FN:68,(anonymous_3)
FN:82,(anonymous_4)
FN:85,(anonymous_5)
FN:124,(anonymous_6)
FN:144,(anonymous_7)
FN:162,(anonymous_8)
FN:165,(anonymous_9)
FNF:9
FNH:4
FNDA:8,(anonymous_1)
FNDA:1,(anonymous_2)
FNDA:0,(anonymous_3)
FNDA:40,(anonymous_4)
FNDA:1,(anonymous_5)
FNDA:0,(anonymous_6)
FNDA:0,(anonymous_7)
FNDA:0,(anonymous_8)
FNDA:0,(anonymous_9)
DA:1,1
DA:2,1
DA:3,1
DA:4,1
DA:5,1
DA:6,1
DA:7,1
DA:9,1
DA:10,8
DA:11,8
DA:12,7
DA:14,7
DA:24,7
DA:26,7
DA:37,7
DA:38,1
DA:39,1
DA:40,1
DA:41,1
DA:45,7
DA:46,1
DA:48,6
DA:49,1
DA:56,5
DA:68,0
DA:83,40
DA:85,1
DA:124,0
DA:144,0
DA:163,0
DA:165,0
DA:202,1
LF:32
LH:27
BRDA:39,0,0,1
BRDA:39,0,1,0
BRDA:45,1,0,1
BRDA:45,1,1,6
BRDA:48,2,0,1
BRDA:48,2,1,5
BRDA:87,3,0,5
BRDA:87,3,1,35
BRDA:104,4,0,0
BRDA:104,4,1,5
BRDA:104,5,0,5
BRDA:104,5,1,5
BRDA:114,6,0,0
BRDA:114,6,1,5
BRDA:114,7,0,5
BRDA:114,7,1,5
BRDA:138,8,0,5
BRDA:138,8,1,0
BRDA:147,9,0,0
BRDA:147,9,1,5
BRDA:154,10,0,5
BRDA:154,10,1,0
BRDA:167,11,0,0
BRDA:167,11,1,0
BRF:24
BRH:16
end_of_record
TN:
SF:src\components\HeaderNavCard.tsx
FN:3,(anonymous_1)
FNF:1
FNH:0
FNDA:0,(anonymous_1)
DA:1,0
DA:3,0
DA:4,0
DA:64,0
DA:78,0
LF:5
LH:0
BRF:0
BRH:0
end_of_record
TN:
SF:src\components\Hero.tsx
FN:7,(anonymous_1)
FN:9,(anonymous_2)
FN:70,(anonymous_3)
FN:98,(anonymous_4)
FN:107,(anonymous_5)
FN:165,(anonymous_6)
FNF:6
FNH:0
FNDA:0,(anonymous_1)
FNDA:0,(anonymous_2)
FNDA:0,(anonymous_3)
FNDA:0,(anonymous_4)
FNDA:0,(anonymous_5)
FNDA:0,(anonymous_6)
DA:1,0
DA:2,0
DA:4,0
DA:5,0
DA:7,0
DA:9,0
DA:10,0
DA:11,0
DA:12,0
DA:29,0
DA:71,0
DA:98,0
DA:107,0
DA:165,0
DA:176,0
LF:15
LH:0
BRDA:11,0,0,0
BRDA:11,0,1,0
BRF:2
BRH:0
end_of_record
TN:
SF:src\components\Skills.tsx
FN:7,(anonymous_7)
FN:11,(anonymous_8)
FN:12,(anonymous_9)
FN:12,(anonymous_10)
FN:169,(anonymous_11)
FN:184,(anonymous_12)
FN:199,(anonymous_13)
FN:214,(anonymous_14)
FN:264,(anonymous_15)
FN:283,(anonymous_16)
FN:334,(anonymous_17)
FNF:11
FNH:0
FNDA:0,(anonymous_7)
FNDA:0,(anonymous_8)
FNDA:0,(anonymous_9)
FNDA:0,(anonymous_10)
FNDA:0,(anonymous_11)
FNDA:0,(anonymous_12)
FNDA:0,(anonymous_13)
FNDA:0,(anonymous_14)
FNDA:0,(anonymous_15)
FNDA:0,(anonymous_16)
FNDA:0,(anonymous_17)
DA:1,0
DA:2,0
DA:3,0
DA:4,0
DA:7,0
DA:8,0
DA:9,0
DA:11,0
DA:12,0
DA:13,0
DA:14,0
DA:15,0
DA:17,0
DA:19,0
DA:162,0
DA:166,0
DA:169,0
DA:170,0
DA:172,0
DA:174,0
DA:176,0
DA:178,0
DA:180,0
DA:184,0
DA:185,0
DA:187,0
DA:189,0
DA:191,0
DA:193,0
DA:195,0
DA:199,0
DA:200,0
DA:202,0
DA:204,0
DA:206,0
DA:208,0
DA:210,0
DA:214,0
DA:215,0
DA:216,0
DA:218,0
DA:219,0
DA:222,0
DA:223,0
DA:234,0
DA:265,0
DA:284,0
DA:335,0
DA:350,0
LF:49
LH:0
BRDA:170,0,0,0
BRDA:170,0,1,0
BRDA:170,0,2,0
BRDA:170,0,3,0
BRDA:170,0,4,0
BRDA:185,1,0,0
BRDA:185,1,1,0
BRDA:185,1,2,0
BRDA:185,1,3,0
BRDA:185,1,4,0
BRDA:200,2,0,0
BRDA:200,2,1,0
BRDA:200,2,2,0
BRDA:200,2,3,0
BRDA:200,2,4,0
BRDA:215,3,0,0
BRDA:215,3,1,0
BRDA:222,4,0,0
BRDA:222,4,1,0
BRDA:253,5,0,0
BRDA:253,5,1,0
BRF:21
BRH:0
end_of_record
TN:
SF:src\components\animation\PixelTransition.tsx
FN:15,(anonymous_0)
FN:37,(anonymous_1)
FN:61,(anonymous_2)
FN:92,(anonymous_3)
FN:108,(anonymous_4)
FN:111,(anonymous_5)
FN:114,(anonymous_6)
FNF:7
FNH:0
FNDA:0,(anonymous_0)
FNDA:0,(anonymous_1)
FNDA:0,(anonymous_2)
FNDA:0,(anonymous_3)
FNDA:0,(anonymous_4)
FNDA:0,(anonymous_5)
FNDA:0,(anonymous_6)
DA:1,0
DA:2,0
DA:15,0
DA:25,0
DA:26,0
DA:27,0
DA:28,0
DA:30,0
DA:33,0
DA:37,0
DA:38,0
DA:39,0
DA:41,0
DA:43,0
DA:44,0
DA:45,0
DA:46,0
DA:47,0
DA:48,0
DA:50,0
DA:51,0
DA:52,0
DA:53,0
DA:54,0
DA:56,0
DA:61,0
DA:62,0
DA:64,0
DA:65,0
DA:66,0
DA:68,0
DA:71,0
DA:73,0
DA:74,0
DA:75,0
DA:78,0
DA:80,0
DA:81,0
DA:83,0
DA:92,0
DA:93,0
DA:94,0
DA:97,0
DA:108,0
DA:109,0
DA:111,0
DA:112,0
DA:114,0
DA:115,0
DA:118,0
DA:157,0
LF:51
LH:0
BRDA:18,0,0,0
BRDA:19,1,0,0
BRDA:20,2,0,0
BRDA:21,3,0,0
BRDA:22,4,0,0
BRDA:23,5,0,0
BRDA:33,6,0,0
BRDA:33,6,1,0
BRDA:33,6,2,0
BRDA:39,7,0,0
BRDA:39,7,1,0
BRDA:66,8,0,0
BRDA:66,8,1,0
BRDA:66,9,0,0
BRDA:66,9,1,0
BRDA:71,10,0,0
BRDA:71,10,1,0
BRDA:74,11,0,0
BRDA:74,11,1,0
BRDA:93,12,0,0
BRDA:93,12,1,0
BRDA:94,13,0,0
BRDA:94,13,1,0
BRDA:109,14,0,0
BRDA:109,14,1,0
BRDA:112,15,0,0
BRDA:112,15,1,0
BRDA:133,16,0,0
BRDA:133,16,1,0
BRDA:134,17,0,0
BRDA:134,17,1,0
BRDA:135,18,0,0
BRDA:135,18,1,0
BRF:33
BRH:0
end_of_record
TN:
SF:src\components\animation\SplashCursor.tsx
FN:40,pointerPrototype
FN:55,SplashCursor
FN:73,(anonymous_2)
FN:105,getWebGLContext
FN:195,getSupportedFormat
FN:218,supportRenderTextureFormat
FN:259,hashCode
FN:269,addKeywords
FN:278,compileShader
FN:294,createProgram
FN:310,getUniforms
FN:329,(anonymous_11)
FN:337,(anonymous_12)
FN:349,(anonymous_13)
FN:360,(anonymous_14)
FN:382,(anonymous_15)
FN:684,(anonymous_16)
FN:702,(anonymous_17)
FN:759,createFBO
FN:807,(anonymous_19)
FN:815,createDoubleFBO
FN:832,(anonymous_21)
FN:840,resizeFBO
FN:857,resizeDoubleFBO
FN:884,initFramebuffers
FN:963,updateKeywords
FN:969,getResolution
FN:982,scaleByPixelRatio
FN:993,updateFrame
FN:1003,calcDeltaTime
FN:1011,resizeCanvas
FN:1022,updateColors
FN:1026,(anonymous_32)
FN:1032,applyInputs
FN:1041,step
FN:1223,render
FN:1229,drawDisplay
FN:1242,splatPointer
FN:1248,clickSplat
FN:1258,splat
FN:1300,correctRadius
FN:1306,updatePointerDownData
FN:1324,updatePointerMoveData
FN:1345,updatePointerUpData
FN:1349,correctDeltaX
FN:1355,correctDeltaY
FN:1361,generateColor
FN:1369,HSVtoRGB
FN:1414,wrap
FN:1420,(anonymous_49)
FN:1428,handleFirstMouseMove
FN:1439,(anonymous_51)
FN:1447,handleFirstTouchStart
FN:1462,(anonymous_53)
FN:1476,(anonymous_54)
FN:1488,(anonymous_55)
FNF:56
FNH:0
FNDA:0,pointerPrototype
FNDA:0,SplashCursor
FNDA:0,(anonymous_2)
FNDA:0,getWebGLContext
FNDA:0,getSupportedFormat
FNDA:0,supportRenderTextureFormat
FNDA:0,hashCode
FNDA:0,addKeywords
FNDA:0,compileShader
FNDA:0,createProgram
FNDA:0,getUniforms
FNDA:0,(anonymous_11)
FNDA:0,(anonymous_12)
FNDA:0,(anonymous_13)
FNDA:0,(anonymous_14)
FNDA:0,(anonymous_15)
FNDA:0,(anonymous_16)
FNDA:0,(anonymous_17)
FNDA:0,createFBO
FNDA:0,(anonymous_19)
FNDA:0,createDoubleFBO
FNDA:0,(anonymous_21)
FNDA:0,resizeFBO
FNDA:0,resizeDoubleFBO
FNDA:0,initFramebuffers
FNDA:0,updateKeywords
FNDA:0,getResolution
FNDA:0,scaleByPixelRatio
FNDA:0,updateFrame
FNDA:0,calcDeltaTime
FNDA:0,resizeCanvas
FNDA:0,updateColors
FNDA:0,(anonymous_32)
FNDA:0,applyInputs
FNDA:0,step
FNDA:0,render
FNDA:0,drawDisplay
FNDA:0,splatPointer
FNDA:0,clickSplat
FNDA:0,splat
FNDA:0,correctRadius
FNDA:0,updatePointerDownData
FNDA:0,updatePointerMoveData
FNDA:0,updatePointerUpData
FNDA:0,correctDeltaX
FNDA:0,correctDeltaY
FNDA:0,generateColor
FNDA:0,HSVtoRGB
FNDA:0,wrap
FNDA:0,(anonymous_49)
FNDA:0,handleFirstMouseMove
FNDA:0,(anonymous_51)
FNDA:0,handleFirstTouchStart
FNDA:0,(anonymous_53)
FNDA:0,(anonymous_54)
FNDA:0,(anonymous_55)
DA:2,0
DA:41,0
DA:55,0
DA:71,0
DA:73,0
DA:74,0
DA:75,0
DA:77,0
DA:79,0
DA:97,0
DA:98,0
DA:100,0
DA:101,0
DA:102,0
DA:106,0
DA:114,0
DA:119,0
DA:120,0
DA:127,0
DA:128,0
DA:131,0
DA:133,0
DA:134,0
DA:136,0
DA:137,0
DA:138,0
DA:142,0
DA:143,0
DA:148,0
DA:150,0
DA:158,0
DA:159,0
DA:165,0
DA:171,0
DA:178,0
DA:179,0
DA:180,0
DA:183,0
DA:201,0
DA:202,0
DA:203,0
DA:204,0
DA:206,0
DA:208,0
DA:210,0
DA:213,0
DA:215,0
DA:224,0
DA:225,0
DA:227,0
DA:228,0
DA:229,0
DA:230,0
DA:231,0
DA:232,0
DA:244,0
DA:245,0
DA:247,0
DA:248,0
DA:255,0
DA:256,0
DA:260,0
DA:261,0
DA:262,0
DA:263,0
DA:264,0
DA:266,0
DA:270,0
DA:271,0
DA:272,0
DA:273,0
DA:275,0
DA:283,0
DA:284,0
DA:285,0
DA:286,0
DA:287,0
DA:288,0
DA:289,0
DA:291,0
DA:298,0
DA:299,0
DA:300,0
DA:301,0
DA:302,0
DA:303,0
DA:304,0
DA:305,0
DA:307,0
DA:311,0
DA:312,0
DA:313,0
DA:314,0
DA:315,0
DA:316,0
DA:322,0
DA:333,0
DA:334,0
DA:338,0
DA:353,0
DA:354,0
DA:355,0
DA:356,0
DA:357,0
DA:361,0
DA:362,0
DA:363,0
DA:365,0
DA:366,0
DA:367,0
DA:372,0
DA:373,0
DA:375,0
DA:376,0
DA:377,0
DA:379,0
DA:383,0
DA:384,0
DA:389,0
DA:412,0
DA:426,0
DA:441,0
DA:482,0
DA:504,0
DA:545,0
DA:575,0
DA:598,0
DA:633,0
DA:659,0
DA:684,0
DA:685,0
DA:686,0
DA:687,0
DA:692,0
DA:693,0
DA:694,0
DA:699,0
DA:700,0
DA:702,0
DA:703,0
DA:704,0
DA:705,0
DA:706,0
DA:708,0
DA:709,0
DA:711,0
DA:712,0
DA:713,0
DA:715,0
DA:745,0
DA:746,0
DA:747,0
DA:748,0
DA:749,0
DA:750,0
DA:751,0
DA:752,0
DA:753,0
DA:757,0
DA:767,0
DA:768,0
DA:769,0
DA:770,0
DA:771,0
DA:772,0
DA:773,0
DA:774,0
DA:785,0
DA:786,0
DA:787,0
DA:794,0
DA:795,0
DA:797,0
DA:798,0
DA:800,0
DA:808,0
DA:809,0
DA:810,0
DA:823,0
DA:824,0
DA:825,0
DA:833,0
DA:834,0
DA:835,0
DA:849,0
DA:850,0
DA:851,0
DA:852,0
DA:853,0
DA:854,0
DA:866,0
DA:867,0
DA:876,0
DA:877,0
DA:878,0
DA:879,0
DA:880,0
DA:881,0
DA:885,0
DA:886,0
DA:888,0
DA:889,0
DA:890,0
DA:891,0
DA:892,0
DA:893,0
DA:895,0
DA:896,0
DA:905,0
DA:916,0
DA:917,0
DA:926,0
DA:937,0
DA:945,0
DA:953,0
DA:964,0
DA:965,0
DA:966,0
DA:970,0
DA:971,0
DA:972,0
DA:973,0
DA:974,0
DA:975,0
DA:976,0
DA:977,0
DA:979,0
DA:983,0
DA:984,0
DA:987,0
DA:988,0
DA:990,0
DA:991,0
DA:994,0
DA:995,0
DA:996,0
DA:997,0
DA:998,0
DA:999,0
DA:1000,0
DA:1004,0
DA:1005,0
DA:1006,0
DA:1007,0
DA:1008,0
DA:1012,0
DA:1013,0
DA:1014,0
DA:1015,0
DA:1016,0
DA:1017,0
DA:1019,0
DA:1023,0
DA:1024,0
DA:1025,0
DA:1026,0
DA:1027,0
DA:1033,0
DA:1034,0
DA:1035,0
DA:1036,0
DA:1042,0
DA:1044,0
DA:1045,0
DA:1046,0
DA:1052,0
DA:1053,0
DA:1055,0
DA:1057,0
DA:1058,0
DA:1059,0
DA:1065,0
DA:1066,0
DA:1071,0
DA:1072,0
DA:1074,0
DA:1075,0
DA:1077,0
DA:1078,0
DA:1080,0
DA:1081,0
DA:1083,0
DA:1084,0
DA:1085,0
DA:1091,0
DA:1092,0
DA:1097,0
DA:1099,0
DA:1100,0
DA:1101,0
DA:1103,0
DA:1104,0
DA:1106,0
DA:1107,0
DA:1109,0
DA:1110,0
DA:1111,0
DA:1117,0
DA:1118,0
DA:1123,0
DA:1124,0
DA:1125,0
DA:1130,0
DA:1131,0
DA:1134,0
DA:1135,0
DA:1136,0
DA:1142,0
DA:1143,0
DA:1148,0
DA:1149,0
DA:1154,0
DA:1155,0
DA:1157,0
DA:1158,0
DA:1159,0
DA:1165,0
DA:1169,0
DA:1175,0
DA:1176,0
DA:1177,0
DA:1179,0
DA:1180,0
DA:1182,0
DA:1183,0
DA:1185,0
DA:1186,0
DA:1191,0
DA:1192,0
DA:1194,0
DA:1198,0
DA:1204,0
DA:1205,0
DA:1210,0
DA:1211,0
DA:1213,0
DA:1214,0
DA:1219,0
DA:1220,0
DA:1224,0
DA:1225,0
DA:1226,0
DA:1230,0
DA:1231,0
DA:1232,0
DA:1233,0
DA:1234,0
DA:1236,0
DA:1237,0
DA:1239,0
DA:1243,0
DA:1244,0
DA:1245,0
DA:1249,0
DA:1250,0
DA:1251,0
DA:1252,0
DA:1253,0
DA:1254,0
DA:1255,0
DA:1265,0
DA:1266,0
DA:1267,0
DA:1269,0
DA:1270,0
DA:1275,0
DA:1276,0
DA:1278,0
DA:1279,0
DA:1281,0
DA:1282,0
DA:1287,0
DA:1288,0
DA:1290,0
DA:1291,0
DA:1293,0
DA:1294,0
DA:1296,0
DA:1297,0
DA:1301,0
DA:1302,0
DA:1303,0
DA:1312,0
DA:1313,0
DA:1314,0
DA:1315,0
DA:1316,0
DA:1317,0
DA:1318,0
DA:1319,0
DA:1320,0
DA:1321,0
DA:1330,0
DA:1331,0
DA:1332,0
DA:1333,0
DA:1334,0
DA:1337,0
DA:1340,0
DA:1342,0
DA:1346,0
DA:1350,0
DA:1351,0
DA:1352,0
DA:1356,0
DA:1357,0
DA:1358,0
DA:1362,0
DA:1363,0
DA:1364,0
DA:1365,0
DA:1366,0
DA:1370,0
DA:1371,0
DA:1372,0
DA:1373,0
DA:1374,0
DA:1375,0
DA:1376,0
DA:1377,0
DA:1379,0
DA:1381,0
DA:1382,0
DA:1383,0
DA:1384,0
DA:1386,0
DA:1387,0
DA:1388,0
DA:1389,0
DA:1391,0
DA:1392,0
DA:1393,0
DA:1394,0
DA:1396,0
DA:1397,0
DA:1398,0
DA:1399,0
DA:1401,0
DA:1402,0
DA:1403,0
DA:1404,0
DA:1406,0
DA:1407,0
DA:1408,0
DA:1409,0
DA:1411,0
DA:1415,0
DA:1416,0
DA:1417,0
DA:1420,0
DA:1421,0
DA:1422,0
DA:1423,0
DA:1424,0
DA:1425,0
DA:1429,0
DA:1430,0
DA:1431,0
DA:1432,0
DA:1433,0
DA:1434,0
DA:1435,0
DA:1437,0
DA:1439,0
DA:1440,0
DA:1441,0
DA:1442,0
DA:1443,0
DA:1444,0
DA:1448,0
DA:1449,0
DA:1450,0
DA:1451,0
DA:1452,0
DA:1453,0
DA:1454,0
DA:1456,0
DA:1458,0
DA:1460,0
DA:1463,0
DA:1464,0
DA:1465,0
DA:1466,0
DA:1467,0
DA:1468,0
DA:1474,0
DA:1477,0
DA:1478,0
DA:1479,0
DA:1480,0
DA:1481,0
DA:1482,0
DA:1488,0
DA:1489,0
DA:1490,0
DA:1491,0
DA:1492,0
DA:1512,0
LF:498
LH:0
BRDA:56,0,0,0
BRDA:57,1,0,0
BRDA:58,2,0,0
BRDA:59,3,0,0
BRDA:60,4,0,0
BRDA:61,5,0,0
BRDA:62,6,0,0
BRDA:63,7,0,0
BRDA:64,8,0,0
BRDA:65,9,0,0
BRDA:66,10,0,0
BRDA:67,11,0,0
BRDA:68,12,0,0
BRDA:69,13,0,0
BRDA:75,14,0,0
BRDA:75,14,1,0
BRDA:98,15,0,0
BRDA:98,15,1,0
BRDA:98,16,0,0
BRDA:98,16,1,0
BRDA:100,17,0,0
BRDA:100,17,1,0
BRDA:119,18,0,0
BRDA:119,18,1,0
BRDA:120,19,0,0
BRDA:120,19,1,0
BRDA:127,20,0,0
BRDA:127,20,1,0
BRDA:136,21,0,0
BRDA:136,21,1,0
BRDA:150,22,0,0
BRDA:150,22,1,0
BRDA:152,23,0,0
BRDA:152,23,1,0
BRDA:152,23,2,0
BRDA:158,24,0,0
BRDA:158,24,1,0
BRDA:201,25,0,0
BRDA:201,25,1,0
BRDA:202,26,0,0
BRDA:202,26,1,0
BRDA:204,27,0,0
BRDA:204,27,1,0
BRDA:204,27,2,0
BRDA:225,28,0,0
BRDA:225,28,1,0
BRDA:245,29,0,0
BRDA:245,29,1,0
BRDA:260,30,0,0
BRDA:260,30,1,0
BRDA:270,31,0,0
BRDA:270,31,1,0
BRDA:281,32,0,0
BRDA:285,33,0,0
BRDA:285,33,1,0
BRDA:288,34,0,0
BRDA:288,34,1,0
BRDA:298,35,0,0
BRDA:298,35,1,0
BRDA:298,36,0,0
BRDA:298,36,1,0
BRDA:300,37,0,0
BRDA:300,37,1,0
BRDA:304,38,0,0
BRDA:304,38,1,0
BRDA:315,39,0,0
BRDA:315,39,1,0
BRDA:334,40,0,0
BRDA:334,40,1,0
BRDA:338,41,0,0
BRDA:338,41,1,0
BRDA:366,42,0,0
BRDA:366,42,1,0
BRDA:375,43,0,0
BRDA:375,43,1,0
BRDA:376,44,0,0
BRDA:376,44,1,0
BRDA:383,45,0,0
BRDA:383,45,1,0
BRDA:542,46,0,0
BRDA:542,46,1,0
BRDA:702,47,0,0
BRDA:703,48,0,0
BRDA:703,48,1,0
BRDA:704,49,0,0
BRDA:704,49,1,0
BRDA:711,50,0,0
BRDA:711,50,1,0
BRDA:851,51,0,0
BRDA:851,51,1,0
BRDA:866,52,0,0
BRDA:866,52,1,0
BRDA:866,53,0,0
BRDA:866,53,1,0
BRDA:892,54,0,0
BRDA:892,54,1,0
BRDA:895,55,0,0
BRDA:895,55,1,0
BRDA:916,56,0,0
BRDA:916,56,1,0
BRDA:965,57,0,0
BRDA:965,57,1,0
BRDA:973,58,0,0
BRDA:973,58,1,0
BRDA:976,59,0,0
BRDA:976,59,1,0
BRDA:983,60,0,0
BRDA:983,60,1,0
BRDA:995,61,0,0
BRDA:995,61,1,0
BRDA:1014,62,0,0
BRDA:1014,62,1,0
BRDA:1014,63,0,0
BRDA:1014,63,1,0
BRDA:1024,64,0,0
BRDA:1024,64,1,0
BRDA:1034,65,0,0
BRDA:1034,65,1,0
BRDA:1045,66,0,0
BRDA:1045,66,1,0
BRDA:1052,67,0,0
BRDA:1052,67,1,0
BRDA:1058,68,0,0
BRDA:1058,68,1,0
BRDA:1065,69,0,0
BRDA:1065,69,1,0
BRDA:1071,70,0,0
BRDA:1071,70,1,0
BRDA:1074,71,0,0
BRDA:1074,71,1,0
BRDA:1077,72,0,0
BRDA:1077,72,1,0
BRDA:1084,73,0,0
BRDA:1084,73,1,0
BRDA:1091,74,0,0
BRDA:1091,74,1,0
BRDA:1100,75,0,0
BRDA:1100,75,1,0
BRDA:1103,76,0,0
BRDA:1103,76,1,0
BRDA:1110,77,0,0
BRDA:1110,77,1,0
BRDA:1117,78,0,0
BRDA:1117,78,1,0
BRDA:1124,79,0,0
BRDA:1124,79,1,0
BRDA:1135,80,0,0
BRDA:1135,80,1,0
BRDA:1142,81,0,0
BRDA:1142,81,1,0
BRDA:1148,82,0,0
BRDA:1148,82,1,0
BRDA:1158,83,0,0
BRDA:1158,83,1,0
BRDA:1165,84,0,0
BRDA:1165,84,1,0
BRDA:1166,85,0,0
BRDA:1166,85,1,0
BRDA:1176,86,0,0
BRDA:1176,86,1,0
BRDA:1179,87,0,0
BRDA:1179,87,1,0
BRDA:1182,88,0,0
BRDA:1182,88,1,0
BRDA:1185,89,0,0
BRDA:1185,89,1,0
BRDA:1194,90,0,0
BRDA:1194,90,1,0
BRDA:1195,91,0,0
BRDA:1195,91,1,0
BRDA:1204,92,0,0
BRDA:1204,92,1,0
BRDA:1210,93,0,0
BRDA:1210,93,1,0
BRDA:1213,94,0,0
BRDA:1213,94,1,0
BRDA:1230,95,0,0
BRDA:1230,95,1,0
BRDA:1231,96,0,0
BRDA:1231,96,1,0
BRDA:1233,97,0,0
BRDA:1233,97,1,0
BRDA:1233,98,0,0
BRDA:1233,98,1,0
BRDA:1236,99,0,0
BRDA:1236,99,1,0
BRDA:1266,100,0,0
BRDA:1266,100,1,0
BRDA:1269,101,0,0
BRDA:1269,101,1,0
BRDA:1275,102,0,0
BRDA:1275,102,1,0
BRDA:1278,103,0,0
BRDA:1278,103,1,0
BRDA:1281,104,0,0
BRDA:1281,104,1,0
BRDA:1290,105,0,0
BRDA:1290,105,1,0
BRDA:1293,106,0,0
BRDA:1293,106,1,0
BRDA:1302,107,0,0
BRDA:1302,107,1,0
BRDA:1341,108,0,0
BRDA:1341,108,1,0
BRDA:1351,109,0,0
BRDA:1351,109,1,0
BRDA:1357,110,0,0
BRDA:1357,110,1,0
BRDA:1379,111,0,0
BRDA:1379,111,1,0
BRDA:1379,111,2,0
BRDA:1379,111,3,0
BRDA:1379,111,4,0
BRDA:1379,111,5,0
BRDA:1416,112,0,0
BRDA:1416,112,1,0
BRF:216
BRH:0
end_of_record
TN:
SF:src\components\animation\TargetCursor.tsx
FN:10,(anonymous_0)
FN:20,(anonymous_1)
FN:28,(anonymous_2)
FN:38,(anonymous_3)
FN:57,(anonymous_4)
FN:75,(anonymous_5)
FN:86,(anonymous_6)
FN:89,(anonymous_7)
FN:114,(anonymous_8)
FN:121,(anonymous_9)
FN:132,(anonymous_10)
FN:165,(anonymous_11)
FN:213,(anonymous_12)
FN:230,(anonymous_13)
FN:235,(anonymous_14)
FN:237,(anonymous_15)
FN:244,(anonymous_16)
FN:261,(anonymous_17)
FN:275,(anonymous_18)
FN:292,(anonymous_19)
FN:312,(anonymous_20)
FN:326,(anonymous_21)
FNF:22
FNH:0
FNDA:0,(anonymous_0)
FNDA:0,(anonymous_1)
FNDA:0,(anonymous_2)
FNDA:0,(anonymous_3)
FNDA:0,(anonymous_4)
FNDA:0,(anonymous_5)
FNDA:0,(anonymous_6)
FNDA:0,(anonymous_7)
FNDA:0,(anonymous_8)
FNDA:0,(anonymous_9)
FNDA:0,(anonymous_10)
FNDA:0,(anonymous_11)
FNDA:0,(anonymous_12)
FNDA:0,(anonymous_13)
FNDA:0,(anonymous_14)
FNDA:0,(anonymous_15)
FNDA:0,(anonymous_16)
FNDA:0,(anonymous_17)
FNDA:0,(anonymous_18)
FNDA:0,(anonymous_19)
FNDA:0,(anonymous_20)
FNDA:0,(anonymous_21)
DA:1,0
DA:2,0
DA:10,0
DA:15,0
DA:16,0
DA:17,0
DA:18,0
DA:19,0
DA:20,0
DA:28,0
DA:29,0
DA:30,0
DA:38,0
DA:39,0
DA:41,0
DA:42,0
DA:43,0
DA:46,0
DA:47,0
DA:51,0
DA:52,0
DA:53,0
DA:54,0
DA:55,0
DA:57,0
DA:58,0
DA:59,0
DA:61,0
DA:62,0
DA:64,0
DA:65,0
DA:68,0
DA:75,0
DA:76,0
DA:77,0
DA:79,0
DA:84,0
DA:86,0
DA:87,0
DA:89,0
DA:90,0
DA:92,0
DA:93,0
DA:95,0
DA:96,0
DA:101,0
DA:102,0
DA:103,0
DA:108,0
DA:113,0
DA:114,0
DA:115,0
DA:116,0
DA:117,0
DA:121,0
DA:122,0
DA:123,0
DA:124,0
DA:127,0
DA:128,0
DA:132,0
DA:133,0
DA:135,0
DA:136,0
DA:137,0
DA:138,0
DA:139,0
DA:141,0
DA:144,0
DA:145,0
DA:147,0
DA:149,0
DA:150,0
DA:153,0
DA:154,0
DA:155,0
DA:158,0
DA:160,0
DA:161,0
DA:163,0
DA:165,0
DA:166,0
DA:167,0
DA:169,0
DA:170,0
DA:172,0
DA:174,0
DA:176,0
DA:180,0
DA:184,0
DA:188,0
DA:193,0
DA:194,0
DA:195,0
DA:196,0
DA:197,0
DA:199,0
DA:200,0
DA:201,0
DA:202,0
DA:203,0
DA:204,0
DA:205,0
DA:206,0
DA:209,0
DA:210,0
DA:211,0
DA:213,0
DA:214,0
DA:227,0
DA:228,0
DA:230,0
DA:231,0
DA:234,0
DA:235,0
DA:236,0
DA:237,0
DA:238,0
DA:239,0
DA:240,0
DA:244,0
DA:245,0
DA:246,0
DA:248,0
DA:249,0
DA:250,0
DA:252,0
DA:253,0
DA:260,0
DA:261,0
DA:262,0
DA:275,0
DA:276,0
DA:277,0
DA:281,0
DA:283,0
DA:284,0
DA:288,0
DA:293,0
DA:297,0
DA:300,0
DA:303,0
DA:304,0
DA:306,0
DA:307,0
DA:310,0
DA:312,0
DA:313,0
DA:314,0
DA:315,0
DA:317,0
DA:318,0
DA:321,0
DA:322,0
DA:326,0
DA:327,0
DA:329,0
DA:330,0
DA:331,0
DA:337,0
DA:367,0
LF:161
LH:0
BRDA:11,0,0,0
BRDA:12,1,0,0
BRDA:13,2,0,0
BRDA:29,3,0,0
BRDA:29,3,1,0
BRDA:39,4,0,0
BRDA:39,4,1,0
BRDA:42,5,0,0
BRDA:42,5,1,0
BRDA:58,6,0,0
BRDA:58,6,1,0
BRDA:61,7,0,0
BRDA:61,7,1,0
BRDA:76,8,0,0
BRDA:76,8,1,0
BRDA:90,9,0,0
BRDA:90,9,1,0
BRDA:90,10,0,0
BRDA:90,10,1,0
BRDA:96,11,0,0
BRDA:96,11,1,0
BRDA:96,11,2,0
BRDA:101,12,0,0
BRDA:101,12,1,0
BRDA:102,13,0,0
BRDA:102,13,1,0
BRDA:115,14,0,0
BRDA:115,14,1,0
BRDA:122,15,0,0
BRDA:122,15,1,0
BRDA:137,16,0,0
BRDA:137,16,1,0
BRDA:138,17,0,0
BRDA:138,17,1,0
BRDA:144,18,0,0
BRDA:144,18,1,0
BRDA:145,19,0,0
BRDA:145,19,1,0
BRDA:145,20,0,0
BRDA:145,20,1,0
BRDA:145,20,2,0
BRDA:147,21,0,0
BRDA:147,21,1,0
BRDA:149,22,0,0
BRDA:149,22,1,0
BRDA:153,23,0,0
BRDA:153,23,1,0
BRDA:161,24,0,0
BRDA:161,24,1,0
BRDA:161,25,0,0
BRDA:161,25,1,0
BRDA:193,26,0,0
BRDA:193,26,1,0
BRDA:193,27,0,0
BRDA:193,27,1,0
BRDA:236,28,0,0
BRDA:236,28,1,0
BRDA:236,29,0,0
BRDA:236,29,1,0
BRDA:248,30,0,0
BRDA:248,30,1,0
BRDA:276,31,0,0
BRDA:276,31,1,0
BRDA:276,32,0,0
BRDA:276,32,1,0
BRDA:276,32,2,0
BRDA:293,33,0,0
BRDA:293,33,1,0
BRDA:293,34,0,0
BRDA:293,34,1,0
BRDA:317,35,0,0
BRDA:317,35,1,0
BRDA:321,36,0,0
BRDA:321,36,1,0
BRDA:321,37,0,0
BRDA:321,37,1,0
BRDA:327,38,0,0
BRDA:327,38,1,0
BRDA:327,39,0,0
BRDA:327,39,1,0
BRDA:329,40,0,0
BRDA:329,40,1,0
BRF:82
BRH:0
end_of_record
TN:
SF:src\components\core\CardNav.tsx
FN:34,(anonymous_1)
FN:47,(anonymous_2)
FN:48,(anonymous_3)
FN:85,(anonymous_4)
FN:109,(anonymous_5)
FN:113,(anonymous_6)
FN:119,(anonymous_7)
FN:120,(anonymous_8)
FN:143,(anonymous_9)
FN:147,(anonymous_10)
FN:155,(anonymous_11)
FN:164,(anonymous_12)
FN:169,(anonymous_13)
FN:169,(anonymous_14)
FN:173,(anonymous_15)
FN:259,(anonymous_16)
FN:270,(anonymous_17)
FN:275,(anonymous_18)
FNF:18
FNH:0
FNDA:0,(anonymous_1)
FNDA:0,(anonymous_2)
FNDA:0,(anonymous_3)
FNDA:0,(anonymous_4)
FNDA:0,(anonymous_5)
FNDA:0,(anonymous_6)
FNDA:0,(anonymous_7)
FNDA:0,(anonymous_8)
FNDA:0,(anonymous_9)
FNDA:0,(anonymous_10)
FNDA:0,(anonymous_11)
FNDA:0,(anonymous_12)
FNDA:0,(anonymous_13)
FNDA:0,(anonymous_14)
FNDA:0,(anonymous_15)
FNDA:0,(anonymous_16)
FNDA:0,(anonymous_17)
FNDA:0,(anonymous_18)
DA:1,0
DA:2,0
DA:3,0
DA:6,0
DA:7,0
DA:34,0
DA:40,0
DA:41,0
DA:42,0
DA:43,0
DA:44,0
DA:45,0
DA:47,0
DA:48,0
DA:49,0
DA:50,0
DA:52,0
DA:53,0
DA:54,0
DA:55,0
DA:56,0
DA:57,0
DA:58,0
DA:59,0
DA:61,0
DA:62,0
DA:63,0
DA:64,0
DA:67,0
DA:69,0
DA:70,0
DA:71,0
DA:73,0
DA:74,0
DA:75,0
DA:76,0
DA:78,0
DA:81,0
DA:85,0
DA:86,0
DA:87,0
DA:89,0
DA:90,0
DA:92,0
DA:94,0
DA:100,0
DA:106,0
DA:109,0
DA:110,0
DA:111,0
DA:113,0
DA:114,0
DA:115,0
DA:119,0
DA:120,0
DA:121,0
DA:123,0
DA:124,0
DA:125,0
DA:127,0
DA:128,0
DA:129,0
DA:130,0
DA:131,0
DA:134,0
DA:135,0
DA:136,0
DA:137,0
DA:142,0
DA:143,0
DA:147,0
DA:148,0
DA:149,0
DA:150,0
DA:151,0
DA:155,0
DA:156,0
DA:157,0
DA:158,0
DA:159,0
DA:160,0
DA:161,0
DA:163,0
DA:164,0
DA:165,0
DA:169,0
DA:170,0
DA:173,0
DA:174,0
DA:175,0
DA:177,0
DA:178,0
DA:184,0
DA:185,0
DA:190,0
DA:259,0
DA:271,0
DA:275,0
DA:295,0
LF:99
LH:0
BRDA:36,0,0,0
BRDA:37,1,0,0
BRDA:50,2,0,0
BRDA:50,2,1,0
BRDA:53,3,0,0
BRDA:53,3,1,0
BRDA:55,4,0,0
BRDA:55,4,1,0
BRDA:87,5,0,0
BRDA:87,5,1,0
BRDA:114,6,0,0
BRDA:114,6,1,0
BRDA:114,7,0,0
BRDA:114,7,1,0
BRDA:121,8,0,0
BRDA:121,8,1,0
BRDA:123,9,0,0
BRDA:123,9,1,0
BRDA:129,10,0,0
BRDA:129,10,1,0
BRDA:136,11,0,0
BRDA:136,11,1,0
BRDA:148,12,0,0
BRDA:148,12,1,0
BRDA:148,13,0,0
BRDA:148,13,1,0
BRDA:151,14,0,0
BRDA:151,14,1,0
BRDA:151,15,0,0
BRDA:151,15,1,0
BRDA:157,16,0,0
BRDA:157,16,1,0
BRDA:158,17,0,0
BRDA:158,17,1,0
BRDA:170,18,0,0
BRDA:170,18,1,0
BRDA:174,19,0,0
BRDA:174,19,1,0
BRDA:177,20,0,0
BRDA:177,20,1,0
BRDA:184,21,0,0
BRDA:184,21,1,0
BRDA:193,22,0,0
BRDA:193,22,1,0
BRDA:199,23,0,0
BRDA:199,23,1,0
BRDA:201,24,0,0
BRDA:201,24,1,0
BRDA:210,25,0,0
BRDA:210,25,1,0
BRDA:214,26,0,0
BRDA:214,26,1,0
BRDA:216,27,0,0
BRDA:216,27,1,0
BRDA:220,28,0,0
BRDA:220,28,1,0
BRDA:225,29,0,0
BRDA:225,29,1,0
BRDA:253,30,0,0
BRDA:253,30,1,0
BRDA:259,31,0,0
BRDA:259,31,1,0
BRDA:270,32,0,0
BRDA:270,32,1,0
BRDA:270,33,0,0
BRDA:270,33,1,0
BRF:66
BRH:0
end_of_record
TN:
SF:src\components\core\GradientText.tsx
FN:11,GradientText
FN:18,(anonymous_1)
FN:24,(anonymous_2)
FNF:3
FNH:3
FNDA:5,GradientText
FNDA:5,(anonymous_1)
FNDA:5,(anonymous_2)
DA:1,1
DA:11,1
DA:18,5
DA:24,5
DA:29,5
LF:5
LH:5
BRDA:13,0,0,0
BRDA:14,1,0,0
BRDA:15,2,0,0
BRDA:16,3,0,0
BRDA:33,4,0,5
BRDA:33,4,1,0
BRF:6
BRH:1
end_of_record
TN:
SF:src\components\core\ScrambledText.tsx
FN:18,(anonymous_0)
FN:24,(anonymous_1)
FN:35,(anonymous_2)
FN:46,(anonymous_3)
FN:56,(anonymous_4)
FN:80,(anonymous_5)
FN:85,(anonymous_6)
FN:94,(anonymous_7)
FNF:8
FNH:0
FNDA:0,(anonymous_0)
FNDA:0,(anonymous_1)
FNDA:0,(anonymous_2)
FNDA:0,(anonymous_3)
FNDA:0,(anonymous_4)
FNDA:0,(anonymous_5)
FNDA:0,(anonymous_6)
FNDA:0,(anonymous_7)
DA:1,0
DA:2,0
DA:3,0
DA:4,0
DA:6,0
DA:18,0
DA:19,0
DA:24,0
DA:33,0
DA:35,0
DA:36,0
DA:38,0
DA:39,0
DA:41,0
DA:46,0
DA:47,0
DA:48,0
DA:51,0
DA:52,0
DA:53,0
DA:54,0
DA:56,0
DA:57,0
DA:58,0
DA:59,0
DA:60,0
DA:61,0
DA:62,0
DA:64,0
DA:65,0
DA:66,0
DA:80,0
DA:81,0
DA:82,0
DA:83,0
DA:85,0
DA:86,0
DA:87,0
DA:91,0
DA:92,0
DA:94,0
DA:95,0
DA:96,0
DA:97,0
DA:101,0
DA:112,0
LF:46
LH:0
BRDA:19,0,0,0
BRDA:19,0,1,0
BRDA:19,0,2,0
BRDA:19,0,3,0
BRDA:25,1,0,0
BRDA:26,2,0,0
BRDA:27,3,0,0
BRDA:28,4,0,0
BRDA:29,5,0,0
BRDA:30,6,0,0
BRDA:36,7,0,0
BRDA:36,7,1,0
BRDA:36,8,0,0
BRDA:36,8,1,0
BRDA:39,9,0,0
BRDA:39,9,1,0
BRDA:64,10,0,0
BRDA:64,10,1,0
BRDA:70,11,0,0
BRDA:70,11,1,0
BRDA:83,12,0,0
BRDA:83,12,1,0
BRDA:96,13,0,0
BRDA:96,13,1,0
BRF:24
BRH:0
end_of_record
TN:
SF:src\components\core\ScrollReveal.tsx
FN:20,(anonymous_0)
FN:34,(anonymous_1)
FN:36,(anonymous_2)
FN:46,(anonymous_3)
FN:70,(anonymous_4)
FN:90,(anonymous_5)
FN:110,(anonymous_6)
FN:116,(anonymous_7)
FN:118,(anonymous_8)
FN:132,(anonymous_9)
FNF:10
FNH:0
FNDA:0,(anonymous_0)
FNDA:0,(anonymous_1)
FNDA:0,(anonymous_2)
FNDA:0,(anonymous_3)
FNDA:0,(anonymous_4)
FNDA:0,(anonymous_5)
FNDA:0,(anonymous_6)
FNDA:0,(anonymous_7)
FNDA:0,(anonymous_8)
FNDA:0,(anonymous_9)
DA:1,0
DA:2,0
DA:3,0
DA:5,0
DA:20,0
DA:32,0
DA:34,0
DA:35,0
DA:36,0
DA:37,0
DA:38,0
DA:46,0
DA:47,0
DA:48,0
DA:51,0
DA:56,0
DA:58,0
DA:70,0
DA:75,0
DA:77,0
DA:90,0
DA:95,0
DA:96,0
DA:97,0
DA:110,0
DA:116,0
DA:118,0
DA:119,0
DA:120,0
DA:125,0
DA:126,0
DA:127,0
DA:130,0
DA:131,0
DA:132,0
DA:133,0
DA:147,0
DA:158,0
LF:38
LH:0
BRDA:23,0,0,0
BRDA:24,1,0,0
BRDA:25,2,0,0
BRDA:26,3,0,0
BRDA:27,4,0,0
BRDA:28,5,0,0
BRDA:29,6,0,0
BRDA:30,7,0,0
BRDA:35,8,0,0
BRDA:35,8,1,0
BRDA:37,9,0,0
BRDA:37,9,1,0
BRDA:48,10,0,0
BRDA:48,10,1,0
BRDA:51,11,0,0
BRDA:51,11,1,0
BRDA:51,12,0,0
BRDA:51,12,1,0
BRDA:96,13,0,0
BRDA:96,13,1,0
BRDA:119,14,0,0
BRDA:119,14,1,0
BRDA:125,15,0,0
BRDA:125,15,1,0
BRDA:125,16,0,0
BRDA:125,16,1,0
BRDA:126,17,0,0
BRDA:126,17,1,0
BRDA:126,18,0,0
BRDA:126,18,1,0
BRDA:127,19,0,0
BRDA:127,19,1,0
BRDA:127,20,0,0
BRDA:127,20,1,0
BRDA:130,21,0,0
BRDA:130,21,1,0
BRF:36
BRH:0
end_of_record
TN:
SF:src\components\core\SplitText.tsx
FN:23,(anonymous_0)
FN:41,(anonymous_1)
FN:84,(anonymous_2)
FN:101,(anonymous_3)
FN:106,(anonymous_4)
FN:126,(anonymous_5)
FNF:6
FNH:0
FNDA:0,(anonymous_0)
FNDA:0,(anonymous_1)
FNDA:0,(anonymous_2)
FNDA:0,(anonymous_3)
FNDA:0,(anonymous_4)
FNDA:0,(anonymous_5)
DA:1,0
DA:2,0
DA:3,0
DA:4,0
DA:6,0
DA:23,0
DA:37,0
DA:38,0
DA:39,0
DA:41,0
DA:42,0
DA:44,0
DA:46,0
DA:48,0
DA:49,0
DA:52,0
DA:53,0
DA:59,0
DA:60,0
DA:64,0
DA:66,0
DA:67,0
DA:69,0
DA:70,0
DA:72,0
DA:73,0
DA:75,0
DA:78,0
DA:79,0
DA:80,0
DA:81,0
DA:84,0
DA:85,0
DA:88,0
DA:89,0
DA:90,0
DA:91,0
DA:92,0
DA:93,0
DA:95,0
DA:102,0
DA:107,0
DA:108,0
DA:113,0
DA:117,0
DA:118,0
DA:126,0
DA:127,0
DA:128,0
DA:129,0
DA:130,0
DA:132,0
DA:133,0
DA:134,0
DA:150,0
DA:164,0
LF:56
LH:0
BRDA:25,0,0,0
BRDA:26,1,0,0
BRDA:27,2,0,0
BRDA:28,3,0,0
BRDA:29,4,0,0
BRDA:30,5,0,0
BRDA:31,6,0,0
BRDA:32,7,0,0
BRDA:33,8,0,0
BRDA:34,9,0,0
BRDA:42,10,0,0
BRDA:42,10,1,0
BRDA:42,11,0,0
BRDA:42,11,1,0
BRDA:42,11,2,0
BRDA:49,12,0,0
BRDA:49,12,1,0
BRDA:64,13,0,0
BRDA:64,13,1,0
BRDA:64,13,2,0
BRDA:64,13,3,0
BRDA:78,14,0,0
BRDA:78,14,1,0
BRDA:78,15,0,0
BRDA:78,15,1,0
BRDA:90,16,0,0
BRDA:90,16,1,0
BRDA:91,17,0,0
BRDA:91,17,1,0
BRDA:91,18,0,0
BRDA:91,18,1,0
BRDA:92,19,0,0
BRDA:92,19,1,0
BRDA:113,20,0,0
BRDA:113,20,1,0
BRDA:113,21,0,0
BRDA:113,21,1,0
BRDA:128,22,0,0
BRDA:128,22,1,0
BRDA:133,23,0,0
BRDA:133,23,1,0
BRF:41
BRH:0
end_of_record
TN:
SF:src\contexts\ProfileContext.tsx
FN:17,(anonymous_7)
FN:24,(anonymous_8)
FN:25,(anonymous_9)
FN:25,(anonymous_10)
FNF:4
FNH:0
FNDA:0,(anonymous_7)
FNDA:0,(anonymous_8)
FNDA:0,(anonymous_9)
FNDA:0,(anonymous_10)
DA:1,0
DA:2,0
DA:11,0
DA:17,0
DA:20,0
DA:21,0
DA:22,0
DA:24,0
DA:25,0
DA:26,0
DA:27,0
DA:28,0
DA:30,0
DA:32,0
DA:35,0
DA:38,0
LF:16
LH:0
BRF:0
BRH:0
end_of_record
TN:
SF:src\contexts\ScrollContext.tsx
FN:24,(anonymous_0)
FN:36,(anonymous_1)
FN:44,(anonymous_2)
FN:48,(anonymous_3)
FN:51,(anonymous_4)
FN:66,(anonymous_5)
FN:84,(anonymous_6)
FN:90,(anonymous_7)
FN:93,(anonymous_8)
FNF:9
FNH:0
FNDA:0,(anonymous_0)
FNDA:0,(anonymous_1)
FNDA:0,(anonymous_2)
FNDA:0,(anonymous_3)
FNDA:0,(anonymous_4)
FNDA:0,(anonymous_5)
FNDA:0,(anonymous_6)
FNDA:0,(anonymous_7)
FNDA:0,(anonymous_8)
DA:1,0
DA:22,0
DA:24,0
DA:25,0
DA:26,0
DA:27,0
DA:29,0
DA:36,0
DA:37,0
DA:38,0
DA:44,0
DA:45,0
DA:46,0
DA:48,0
DA:49,0
DA:51,0
DA:52,0
DA:53,0
DA:54,0
DA:56,0
DA:57,0
DA:59,0
DA:60,0
DA:61,0
DA:62,0
DA:63,0
DA:66,0
DA:67,0
DA:72,0
DA:74,0
DA:77,0
DA:81,0
DA:82,0
DA:84,0
DA:85,0
DA:86,0
DA:90,0
DA:92,0
DA:93,0
DA:97,0
DA:103,0
LF:41
LH:0
BRDA:26,0,0,0
BRDA:26,0,1,0
BRDA:49,1,0,0
BRDA:49,1,1,0
BRDA:56,2,0,0
BRDA:56,2,1,0
BRDA:60,3,0,0
BRDA:60,3,1,0
BRDA:60,4,0,0
BRDA:60,4,1,0
BRDA:62,5,0,0
BRDA:62,5,1,0
BRDA:62,6,0,0
BRDA:62,6,1,0
BRDA:67,7,0,0
BRDA:67,7,1,0
BRDA:68,8,0,0
BRDA:68,8,1,0
BRDA:68,8,2,0
BRDA:86,9,0,0
BRDA:86,9,1,0
BRF:21
BRH:0
end_of_record
TN:
SF:src\contexts\ThemeContext.tsx
FN:12,(anonymous_0)
FN:13,(anonymous_1)
FN:21,(anonymous_2)
FN:31,(anonymous_3)
FN:32,(anonymous_4)
FNF:5
FNH:5
FNDA:18,(anonymous_0)
FNDA:16,(anonymous_1)
FNDA:18,(anonymous_2)
FNDA:2,(anonymous_3)
FNDA:2,(anonymous_4)
DA:1,3
DA:10,3
DA:12,3
DA:13,18
DA:15,16
DA:16,16
DA:18,14
DA:21,18
DA:22,18
DA:24,18
DA:25,5
DA:27,13
DA:31,18
DA:32,2
DA:35,18
LF:15
LH:15
BRDA:16,0,0,2
BRDA:16,0,1,14
BRDA:18,1,0,1
BRDA:18,1,1,13
BRDA:24,2,0,5
BRDA:24,2,1,13
BRDA:32,3,0,2
BRDA:32,3,1,0
BRF:8
BRH:7
end_of_record
TN:
SF:src\contexts\useProfile.ts
FN:4,useProfile
FNF:1
FNH:0
FNDA:0,useProfile
DA:1,0
DA:2,0
DA:4,0
DA:5,0
LF:4
LH:0
BRF:0
BRH:0
end_of_record
TN:
SF:src\hooks\useScrollThreshold.ts
FN:3,(anonymous_0)
FN:6,(anonymous_1)
FN:7,(anonymous_2)
FN:9,(anonymous_3)
FN:14,(anonymous_4)
FNF:5
FNH:5
FNDA:6,(anonymous_0)
FNDA:3,(anonymous_1)
FNDA:4,(anonymous_2)
FNDA:4,(anonymous_3)
FNDA:3,(anonymous_4)
DA:1,1
DA:3,1
DA:4,6
DA:6,6
DA:7,3
DA:8,4
DA:9,4
DA:12,3
DA:13,3
DA:14,3
DA:17,6
LF:11
LH:11
BRDA:9,0,0,2
BRDA:9,0,1,2
BRF:2
BRH:2
end_of_record
TN:
SF:src\hooks\useScrollspy.ts
FN:3,(anonymous_0)
FN:7,(anonymous_1)
FN:20,(anonymous_2)
FN:21,(anonymous_3)
FN:31,(anonymous_4)
FNF:5
FNH:5
FNDA:10,(anonymous_0)
FNDA:8,(anonymous_1)
FNDA:8,(anonymous_2)
FNDA:3,(anonymous_3)
FNDA:8,(anonymous_4)
DA:1,1
DA:3,1
DA:4,10
DA:5,10
DA:7,10
DA:8,8
DA:9,12
DA:10,12
DA:11,4
DA:12,4
DA:13,4
DA:14,4
DA:20,10
DA:21,8
DA:22,3
DA:23,0
DA:25,3
DA:28,8
DA:29,8
DA:31,8
DA:32,8
DA:33,8
DA:34,3
DA:39,10
LF:24
LH:23
BRDA:3,0,0,4
BRDA:10,1,0,4
BRDA:10,1,1,8
BRDA:12,2,0,4
BRDA:12,2,1,0
BRDA:22,3,0,0
BRDA:22,3,1,3
BRDA:33,4,0,3
BRDA:33,4,1,5
BRF:9
BRH:7
end_of_record
TN:
SF:src\hooks\useTheme.ts
FN:4,(anonymous_0)
FNF:1
FNH:1
FNDA:22,(anonymous_0)
DA:1,3
DA:2,3
DA:4,3
DA:5,22
DA:6,22
DA:7,4
DA:9,18
LF:7
LH:7
BRDA:6,0,0,4
BRDA:6,0,1,18
BRF:2
BRH:2
end_of_record
TN:
SF:src\hooks\useThrottledScroll.ts
FN:3,(anonymous_0)
FN:7,(anonymous_1)
FN:15,(anonymous_2)
FN:16,(anonymous_3)
FN:25,(anonymous_4)
FN:34,(anonymous_5)
FN:41,(anonymous_6)
FN:45,(anonymous_7)
FNF:8
FNH:0
FNDA:0,(anonymous_0)
FNDA:0,(anonymous_1)
FNDA:0,(anonymous_2)
FNDA:0,(anonymous_3)
FNDA:0,(anonymous_4)
FNDA:0,(anonymous_5)
FNDA:0,(anonymous_6)
FNDA:0,(anonymous_7)
DA:1,0
DA:3,0
DA:4,0
DA:5,0
DA:7,0
DA:8,0
DA:9,0
DA:10,0
DA:11,0
DA:15,0
DA:16,0
DA:17,0
DA:18,0
DA:20,0
DA:23,0
DA:25,0
DA:26,0
DA:27,0
DA:28,0
DA:34,0
DA:38,0
DA:40,0
DA:42,0
DA:43,0
DA:45,0
LF:25
LH:0
BRDA:3,0,0,0
BRDA:9,1,0,0
BRDA:9,1,1,0
BRDA:17,2,0,0
BRDA:17,2,1,0
BRDA:27,3,0,0
BRDA:27,3,1,0
BRDA:42,4,0,0
BRDA:42,4,1,0
BRF:9
BRH:0
end_of_record
TN:
SF:src\lib\portfolioData.ts
FNF:0
FNH:0
DA:10,0
DA:29,0
DA:123,0
DA:149,0
DA:164,0
DA:186,0
LF:6
LH:0
BRF:0
BRH:0
end_of_record
TN:
SF:src\lib\supabase.ts
FN:13,(anonymous_7)
FN:15,(anonymous_8)
FN:18,(anonymous_9)
FN:20,(anonymous_10)
FN:23,(anonymous_11)
FN:24,(anonymous_12)
FN:26,(anonymous_13)
FN:27,(anonymous_14)
FN:30,(anonymous_15)
FN:34,(anonymous_17)
FN:35,(anonymous_19)
FN:38,(anonymous_20)
FN:42,(anonymous_22)
FN:46,(anonymous_24)
FN:50,(anonymous_26)
FN:54,(anonymous_28)
FN:62,(anonymous_30)
FNF:17
FNH:0
FNDA:0,(anonymous_7)
FNDA:0,(anonymous_8)
FNDA:0,(anonymous_9)
FNDA:0,(anonymous_10)
FNDA:0,(anonymous_11)
FNDA:0,(anonymous_12)
FNDA:0,(anonymous_13)
FNDA:0,(anonymous_14)
FNDA:0,(anonymous_15)
FNDA:0,(anonymous_17)
FNDA:0,(anonymous_19)
FNDA:0,(anonymous_20)
FNDA:0,(anonymous_22)
FNDA:0,(anonymous_24)
FNDA:0,(anonymous_26)
FNDA:0,(anonymous_28)
FNDA:0,(anonymous_30)
DA:2,0
DA:11,0
DA:13,0
DA:14,0
DA:15,0
DA:18,0
DA:19,0
DA:20,0
DA:23,0
DA:24,0
DA:26,0
DA:27,0
DA:29,0
DA:31,0
DA:35,0
DA:39,0
DA:43,0
DA:47,0
DA:51,0
DA:55,0
DA:63,0
LF:21
LH:0
BRF:0
BRH:0
end_of_record
